{"/Users/siyao/www/testsystem-mysql-express/src/http.js": {"path":"/Users/siyao/www/testsystem-mysql-express/src/http.js","statementMap":{"0":{"start":{"line":1,"column":0},"end":{"line":null,"column":-1}},"1":{"start":{"line":2,"column":0},"end":{"line":null,"column":-1}},"2":{"start":{"line":6,"column":4},"end":{"line":20,"column":5}},"3":{"start":{"line":7,"column":6},"end":{"line":16,"column":7}},"4":{"start":{"line":8,"column":8},"end":{"line":null,"column":-1}},"5":{"start":{"line":9,"column":8},"end":{"line":9,"column":12}},"6":{"start":{"line":11,"column":8},"end":{"line":null,"column":-1}},"7":{"start":{"line":12,"column":8},"end":{"line":null,"column":-1}},"8":{"start":{"line":19,"column":6},"end":{"line":19,"column":10}},"9":{"start":{"line":26,"column":4},"end":{"line":28,"column":5}},"10":{"start":{"line":27,"column":6},"end":{"line":26,"column":28}},"11":{"start":{"line":29,"column":4},"end":{"line":null,"column":-1}},"12":{"start":{"line":32,"column":4},"end":{"line":null,"column":-1}},"13":{"start":{"line":37,"column":0},"end":{"line":null,"column":-1}},"14":{"start":{"line":45,"column":4},"end":{"line":null,"column":-1}},"15":{"start":{"line":48,"column":4},"end":{"line":null,"column":-1}}},"fnMap":{"0":{"name":"(anonymous_0)","decl":{"start":{"line":5,"column":18},"end":{"line":5,"column":19}},"loc":{"start":{"line":5,"column":38},"end":{"line":5,"column":0}}},"1":{"name":"(anonymous_1)","decl":{"start":{"line":25,"column":2},"end":{"line":25,"column":7}},"loc":{"start":{"line":25,"column":12},"end":{"line":24,"column":0}}},"2":{"name":"(anonymous_2)","decl":{"start":{"line":31,"column":2},"end":{"line":31,"column":4}},"loc":{"start":{"line":31,"column":9},"end":{"line":24,"column":0}}},"3":{"name":"(anonymous_3)","decl":{"start":{"line":38,"column":2},"end":{"line":38,"column":9}},"loc":{"start":{"line":38,"column":14},"end":{"line":37,"column":0}}},"4":{"name":"(anonymous_4)","decl":{"start":{"line":47,"column":2},"end":{"line":47,"column":6}},"loc":{"start":{"line":47,"column":11},"end":{"line":37,"column":0}}}},"branchMap":{"0":{"loc":{"start":{"line":6,"column":4},"end":{"line":20,"column":5}},"type":"if","locations":[{"start":{"line":6,"column":4},"end":{"line":20,"column":5}},{"start":{"line":6,"column":4},"end":{"line":20,"column":5}}]},"1":{"loc":{"start":{"line":7,"column":6},"end":{"line":16,"column":7}},"type":"if","locations":[{"start":{"line":7,"column":6},"end":{"line":16,"column":7}},{"start":{"line":7,"column":6},"end":{"line":16,"column":7}}]},"2":{"loc":{"start":{"line":7,"column":10},"end":{"line":7,"column":9}},"type":"binary-expr","locations":[{"start":{"line":7,"column":10},"end":{"line":7,"column":9}},{"start":{"line":7,"column":30},"end":{"line":7,"column":6}}]},"3":{"loc":{"start":{"line":26,"column":4},"end":{"line":28,"column":5}},"type":"if","locations":[{"start":{"line":26,"column":4},"end":{"line":28,"column":5}},{"start":{"line":26,"column":4},"end":{"line":28,"column":5}}]}},"s":{"0":0,"1":0,"2":0,"3":0,"4":0,"5":0,"6":0,"7":0,"8":0,"9":0,"10":0,"11":0,"12":0,"13":0,"14":0,"15":0},"f":{"0":0,"1":0,"2":0,"3":0,"4":0},"b":{"0":[0,0],"1":[0,0],"2":[0,0],"3":[0,0]}}
,"/Users/siyao/www/testsystem-mysql-express/src/httpServer.js": {"path":"/Users/siyao/www/testsystem-mysql-express/src/httpServer.js","statementMap":{"0":{"start":{"line":1,"column":0},"end":{"line":null,"column":-1}},"1":{"start":{"line":2,"column":0},"end":{"line":null,"column":-1}},"2":{"start":{"line":7,"column":4},"end":{"line":21,"column":5}},"3":{"start":{"line":8,"column":6},"end":{"line":17,"column":7}},"4":{"start":{"line":9,"column":8},"end":{"line":null,"column":-1}},"5":{"start":{"line":10,"column":8},"end":{"line":10,"column":12}},"6":{"start":{"line":12,"column":8},"end":{"line":null,"column":-1}},"7":{"start":{"line":13,"column":8},"end":{"line":null,"column":-1}},"8":{"start":{"line":20,"column":6},"end":{"line":20,"column":10}},"9":{"start":{"line":27,"column":4},"end":{"line":29,"column":5}},"10":{"start":{"line":28,"column":6},"end":{"line":27,"column":28}},"11":{"start":{"line":30,"column":4},"end":{"line":null,"column":-1}},"12":{"start":{"line":33,"column":4},"end":{"line":null,"column":-1}},"13":{"start":{"line":38,"column":0},"end":{"line":null,"column":-1}},"14":{"start":{"line":40,"column":4},"end":{"line":45,"column":5}},"15":{"start":{"line":41,"column":6},"end":{"line":null,"column":-1}},"16":{"start":{"line":42,"column":6},"end":{"line":null,"column":-1}},"17":{"start":{"line":43,"column":10},"end":{"line":45,"column":5}},"18":{"start":{"line":44,"column":6},"end":{"line":null,"column":-1}},"19":{"start":{"line":46,"column":4},"end":{"line":null,"column":-1}},"20":{"start":{"line":49,"column":4},"end":{"line":null,"column":-1}},"21":{"start":{"line":53,"column":19},"end":{"line":53,"column":0}},"22":{"start":{"line":54,"column":24},"end":{"line":54,"column":2}},"23":{"start":{"line":58,"column":2},"end":{"line":62,"column":3}},"24":{"start":{"line":59,"column":6},"end":{"line":null,"column":-1}},"25":{"start":{"line":61,"column":6},"end":{"line":null,"column":-1}},"26":{"start":{"line":64,"column":16},"end":{"line":64,"column":2}},"27":{"start":{"line":65,"column":6},"end":{"line":null,"column":-1}},"28":{"start":{"line":67,"column":14},"end":{"line":null,"column":-1}},"29":{"start":{"line":71,"column":14},"end":{"line":null,"column":-1}},"30":{"start":{"line":75,"column":2},"end":{"line":null,"column":-1}}},"fnMap":{"0":{"name":"(anonymous_0)","decl":{"start":{"line":6,"column":18},"end":{"line":6,"column":19}},"loc":{"start":{"line":6,"column":38},"end":{"line":6,"column":0}}},"1":{"name":"(anonymous_1)","decl":{"start":{"line":26,"column":2},"end":{"line":26,"column":7}},"loc":{"start":{"line":26,"column":12},"end":{"line":25,"column":0}}},"2":{"name":"(anonymous_2)","decl":{"start":{"line":32,"column":2},"end":{"line":32,"column":4}},"loc":{"start":{"line":32,"column":9},"end":{"line":25,"column":0}}},"3":{"name":"(anonymous_3)","decl":{"start":{"line":39,"column":2},"end":{"line":39,"column":9}},"loc":{"start":{"line":39,"column":14},"end":{"line":38,"column":0}}},"4":{"name":"(anonymous_4)","decl":{"start":{"line":48,"column":2},"end":{"line":48,"column":6}},"loc":{"start":{"line":48,"column":11},"end":{"line":38,"column":0}}},"5":{"name":"(anonymous_5)","decl":{"start":{"line":53,"column":19},"end":{"line":53,"column":20}},"loc":{"start":{"line":53,"column":35},"end":{"line":53,"column":0}}},"6":{"name":"(anonymous_6)","decl":{"start":{"line":64,"column":28},"end":{"line":64,"column":37}},"loc":{"start":{"line":64,"column":55},"end":{"line":64,"column":16}}},"7":{"name":"(anonymous_7)","decl":{"start":{"line":66,"column":11},"end":{"line":66,"column":9}},"loc":{"start":{"line":66,"column":19},"end":{"line":65,"column":6}}},"8":{"name":"(anonymous_8)","decl":{"start":{"line":70,"column":11},"end":{"line":70,"column":9}},"loc":{"start":{"line":70,"column":24},"end":{"line":65,"column":6}}}},"branchMap":{"0":{"loc":{"start":{"line":7,"column":4},"end":{"line":21,"column":5}},"type":"if","locations":[{"start":{"line":7,"column":4},"end":{"line":21,"column":5}},{"start":{"line":7,"column":4},"end":{"line":21,"column":5}}]},"1":{"loc":{"start":{"line":8,"column":6},"end":{"line":17,"column":7}},"type":"if","locations":[{"start":{"line":8,"column":6},"end":{"line":17,"column":7}},{"start":{"line":8,"column":6},"end":{"line":17,"column":7}}]},"2":{"loc":{"start":{"line":8,"column":10},"end":{"line":8,"column":9}},"type":"binary-expr","locations":[{"start":{"line":8,"column":10},"end":{"line":8,"column":9}},{"start":{"line":8,"column":30},"end":{"line":8,"column":6}}]},"3":{"loc":{"start":{"line":27,"column":4},"end":{"line":29,"column":5}},"type":"if","locations":[{"start":{"line":27,"column":4},"end":{"line":29,"column":5}},{"start":{"line":27,"column":4},"end":{"line":29,"column":5}}]},"4":{"loc":{"start":{"line":40,"column":4},"end":{"line":45,"column":5}},"type":"if","locations":[{"start":{"line":40,"column":4},"end":{"line":45,"column":5}},{"start":{"line":40,"column":4},"end":{"line":45,"column":5}}]},"5":{"loc":{"start":{"line":43,"column":10},"end":{"line":45,"column":5}},"type":"if","locations":[{"start":{"line":43,"column":10},"end":{"line":45,"column":5}},{"start":{"line":43,"column":10},"end":{"line":45,"column":5}}]},"6":{"loc":{"start":{"line":55,"column":14},"end":{"line":55,"column":13}},"type":"binary-expr","locations":[{"start":{"line":55,"column":14},"end":{"line":55,"column":13}},{"start":{"line":55,"column":29},"end":{"line":54,"column":24}}]},"7":{"loc":{"start":{"line":58,"column":2},"end":{"line":62,"column":3}},"type":"if","locations":[{"start":{"line":58,"column":2},"end":{"line":62,"column":3}},{"start":{"line":58,"column":2},"end":{"line":62,"column":3}}]}},"s":{"0":0,"1":0,"2":0,"3":0,"4":0,"5":0,"6":0,"7":0,"8":0,"9":0,"10":0,"11":0,"12":0,"13":0,"14":0,"15":0,"16":0,"17":0,"18":0,"19":0,"20":0,"21":0,"22":0,"23":0,"24":0,"25":0,"26":0,"27":0,"28":0,"29":0,"30":0},"f":{"0":0,"1":0,"2":0,"3":0,"4":0,"5":0,"6":0,"7":0,"8":0},"b":{"0":[0,0],"1":[0,0],"2":[0,0],"3":[0,0],"4":[0,0],"5":[0,0],"6":[0,0],"7":[0,0]}}
,"/Users/siyao/www/testsystem-mysql-express/src/serverApi.js": {"path":"/Users/siyao/www/testsystem-mysql-express/src/serverApi.js","statementMap":{"0":{"start":{"line":1,"column":0},"end":{"line":null,"column":-1}},"1":{"start":{"line":4,"column":29},"end":{"line":4,"column":7}},"2":{"start":{"line":5,"column":4},"end":{"line":null,"column":-1}}},"fnMap":{"0":{"name":"(anonymous_0)","decl":{"start":{"line":4,"column":29},"end":{"line":4,"column":32}},"loc":{"start":{"line":4,"column":37},"end":{"line":4,"column":7}}}},"branchMap":{},"s":{"0":0,"1":0,"2":0},"f":{"0":0},"b":{}}
,"/Users/siyao/www/testsystem-mysql-express/src/assets/zq.js": {"path":"/Users/siyao/www/testsystem-mysql-express/src/assets/zq.js","statementMap":{"0":{"start":{"line":1,"column":7},"end":{"line":1,"column":0}},"1":{"start":{"line":2,"column":0},"end":{"line":null,"column":-1}},"2":{"start":{"line":4,"column":4},"end":{"line":2,"column":37}},"3":{"start":{"line":8,"column":4},"end":{"line":2,"column":37}},"4":{"start":{"line":10,"column":4},"end":{"line":2,"column":37}},"5":{"start":{"line":12,"column":4},"end":{"line":null,"column":-1}},"6":{"start":{"line":16,"column":18},"end":{"line":16,"column":8}},"7":{"start":{"line":17,"column":16},"end":{"line":17,"column":8}},"8":{"start":{"line":18,"column":8},"end":{"line":18,"column":23}},"9":{"start":{"line":18,"column":23},"end":{"line":null,"column":-1}},"10":{"start":{"line":19,"column":8},"end":{"line":null,"column":-1}},"11":{"start":{"line":21,"column":4},"end":{"line":null,"column":-1}}},"fnMap":{"0":{"name":"(anonymous_0)","decl":{"start":{"line":2,"column":13},"end":{"line":2,"column":22}},"loc":{"start":{"line":2,"column":37},"end":{"line":2,"column":0}}},"1":{"name":"(anonymous_1)","decl":{"start":{"line":4,"column":25},"end":{"line":4,"column":36}},"loc":{"start":{"line":4,"column":37},"end":{"line":4,"column":4}}},"2":{"name":"(anonymous_2)","decl":{"start":{"line":12,"column":27},"end":{"line":12,"column":36}},"loc":{"start":{"line":12,"column":51},"end":{"line":12,"column":4}}},"3":{"name":"(anonymous_3)","decl":{"start":{"line":21,"column":27},"end":{"line":21,"column":36}},"loc":{"start":{"line":21,"column":51},"end":{"line":21,"column":4}}}},"branchMap":{"0":{"loc":{"start":{"line":18,"column":8},"end":{"line":18,"column":23}},"type":"if","locations":[{"start":{"line":18,"column":8},"end":{"line":18,"column":23}},{"start":{"line":18,"column":8},"end":{"line":18,"column":23}}]}},"s":{"0":0,"1":0,"2":0,"3":0,"4":0,"5":0,"6":0,"7":0,"8":0,"9":0,"10":0,"11":0},"f":{"0":0,"1":0,"2":0,"3":0},"b":{"0":[0,0]}}
,"/Users/siyao/www/testsystem-mysql-express/src/components/answerquestion.vue": {"path":"/Users/siyao/www/testsystem-mysql-express/src/components/answerquestion.vue","statementMap":{"0":{"start":{"line":103,"column":0},"end":{"line":null,"column":-1}},"1":{"start":{"line":115,"column":0},"end":{"line":null,"column":-1}},"2":{"start":{"line":116,"column":0},"end":{"line":118,"column":0}},"3":{"start":{"line":117,"column":0},"end":{"line":null,"column":-1}},"4":{"start":{"line":119,"column":0},"end":{"line":123,"column":0}},"5":{"start":{"line":120,"column":0},"end":{"line":122,"column":0}},"6":{"start":{"line":121,"column":0},"end":{"line":null,"column":-1}}},"fnMap":{"0":{"name":"(anonymous_1)","decl":{"start":{"line":120,"column":0},"end":{"line":null,"column":-1}},"loc":{"start":{"line":120,"column":0},"end":{"line":122,"column":0}}}},"branchMap":{"0":{"loc":{"start":{"line":104,"column":0},"end":{"line":null,"column":-1}},"type":"cond-expr","locations":[{"start":{"line":104,"column":0},"end":{"line":null,"column":-1}},{"start":{"line":104,"column":0},"end":{"line":null,"column":-1}}]},"1":{"loc":{"start":{"line":116,"column":0},"end":{"line":118,"column":0}},"type":"if","locations":[{"start":{"line":116,"column":0},"end":{"line":118,"column":0}},{"start":{"line":116,"column":0},"end":{"line":118,"column":0}}]},"2":{"loc":{"start":{"line":119,"column":0},"end":{"line":123,"column":0}},"type":"if","locations":[{"start":{"line":119,"column":0},"end":{"line":123,"column":0}},{"start":{"line":119,"column":0},"end":{"line":123,"column":0}}]}},"s":{"0":0,"1":0,"2":0,"3":0,"4":0,"5":0,"6":0},"f":{"0":0},"b":{"0":[0,0],"1":[0,0],"2":[0,0]}}
,"/Users/siyao/www/testsystem-mysql-express/src/config/config.js": {"path":"/Users/siyao/www/testsystem-mysql-express/src/config/config.js","statementMap":{"0":{"start":{"line":2,"column":24},"end":{"line":2,"column":0}},"1":{"start":{"line":4,"column":0},"end":{"line":8,"column":1}},"2":{"start":{"line":5,"column":4},"end":{"line":null,"column":-1}},"3":{"start":{"line":6,"column":7},"end":{"line":8,"column":1}},"4":{"start":{"line":7,"column":4},"end":{"line":null,"column":-1}},"5":{"start":{"line":10,"column":0},"end":{"line":null,"column":-1}}},"fnMap":{},"branchMap":{"0":{"loc":{"start":{"line":4,"column":0},"end":{"line":8,"column":1}},"type":"if","locations":[{"start":{"line":4,"column":0},"end":{"line":8,"column":1}},{"start":{"line":4,"column":0},"end":{"line":8,"column":1}}]},"1":{"loc":{"start":{"line":6,"column":7},"end":{"line":8,"column":1}},"type":"if","locations":[{"start":{"line":6,"column":7},"end":{"line":8,"column":1}},{"start":{"line":6,"column":7},"end":{"line":8,"column":1}}]}},"s":{"0":0,"1":0,"2":0,"3":0,"4":0,"5":0},"f":{},"b":{"0":[0,0],"1":[0,0]}}
,"/Users/siyao/www/testsystem-mysql-express/src/lib/index.js": {"path":"/Users/siyao/www/testsystem-mysql-express/src/lib/index.js","statementMap":{"0":{"start":{"line":1,"column":0},"end":{"line":null,"column":-1}},"1":{"start":{"line":2,"column":0},"end":{"line":null,"column":-1}},"2":{"start":{"line":3,"column":9},"end":{"line":3,"column":0}},"3":{"start":{"line":6,"column":8},"end":{"line":6,"column":26}},"4":{"start":{"line":6,"column":26},"end":{"line":null,"column":-1}},"5":{"start":{"line":7,"column":8},"end":{"line":4,"column":25}},"6":{"start":{"line":11,"column":8},"end":{"line":4,"column":25}},"7":{"start":{"line":14,"column":8},"end":{"line":4,"column":25}},"8":{"start":{"line":16,"column":8},"end":{"line":4,"column":25}},"9":{"start":{"line":22,"column":8},"end":{"line":null,"column":-1}},"10":{"start":{"line":23,"column":22},"end":{"line":23,"column":12}},"11":{"start":{"line":24,"column":12},"end":{"line":22,"column":41}},"12":{"start":{"line":28,"column":12},"end":{"line":null,"column":-1}},"13":{"start":{"line":31,"column":16},"end":{"line":null,"column":-1}},"14":{"start":{"line":35,"column":16},"end":{"line":37,"column":17}},"15":{"start":{"line":36,"column":20},"end":{"line":null,"column":-1}},"16":{"start":{"line":39,"column":16},"end":{"line":null,"column":-1}},"17":{"start":{"line":40,"column":16},"end":{"line":null,"column":-1}},"18":{"start":{"line":41,"column":27},"end":{"line":41,"column":16}},"19":{"start":{"line":42,"column":16},"end":{"line":null,"column":-1}},"20":{"start":{"line":43,"column":16},"end":{"line":48,"column":17}},"21":{"start":{"line":45,"column":20},"end":{"line":null,"column":-1}},"22":{"start":{"line":46,"column":20},"end":{"line":null,"column":-1}},"23":{"start":{"line":47,"column":20},"end":{"line":null,"column":-1}},"24":{"start":{"line":49,"column":16},"end":{"line":null,"column":-1}},"25":{"start":{"line":50,"column":20},"end":{"line":null,"column":-1}},"26":{"start":{"line":52,"column":16},"end":{"line":null,"column":-1}},"27":{"start":{"line":56,"column":16},"end":{"line":null,"column":-1}},"28":{"start":{"line":58,"column":27},"end":{"line":58,"column":16}},"29":{"start":{"line":60,"column":16},"end":{"line":71,"column":17}},"30":{"start":{"line":61,"column":20},"end":{"line":null,"column":-1}},"31":{"start":{"line":62,"column":20},"end":{"line":70,"column":21}},"32":{"start":{"line":63,"column":24},"end":{"line":null,"column":-1}},"33":{"start":{"line":64,"column":24},"end":{"line":null,"column":-1}},"34":{"start":{"line":65,"column":37},"end":{"line":65,"column":28}},"35":{"start":{"line":66,"column":28},"end":{"line":68,"column":29}},"36":{"start":{"line":67,"column":32},"end":{"line":null,"column":-1}},"37":{"start":{"line":74,"column":16},"end":{"line":null,"column":-1}},"38":{"start":{"line":75,"column":16},"end":{"line":null,"column":-1}},"39":{"start":{"line":76,"column":16},"end":{"line":null,"column":-1}}},"fnMap":{"0":{"name":"(anonymous_0)","decl":{"start":{"line":11,"column":29},"end":{"line":11,"column":40}},"loc":{"start":{"line":11,"column":41},"end":{"line":11,"column":8}}},"1":{"name":"(anonymous_1)","decl":{"start":{"line":22,"column":22},"end":{"line":22,"column":30}},"loc":{"start":{"line":22,"column":41},"end":{"line":22,"column":8}}},"2":{"name":"(anonymous_2)","decl":{"start":{"line":30,"column":34},"end":{"line":30,"column":45}},"loc":{"start":{"line":30,"column":46},"end":{"line":22,"column":8}}},"3":{"name":"(anonymous_3)","decl":{"start":{"line":33,"column":31},"end":{"line":33,"column":39}},"loc":{"start":{"line":33,"column":57},"end":{"line":22,"column":8}}},"4":{"name":"(anonymous_4)","decl":{"start":{"line":49,"column":27},"end":{"line":49,"column":30}},"loc":{"start":{"line":49,"column":31},"end":{"line":49,"column":26}}},"5":{"name":"(anonymous_5)","decl":{"start":{"line":55,"column":37},"end":{"line":55,"column":46}},"loc":{"start":{"line":55,"column":65},"end":{"line":22,"column":8}}},"6":{"name":"(anonymous_6)","decl":{"start":{"line":64,"column":37},"end":{"line":64,"column":46}},"loc":{"start":{"line":64,"column":57},"end":{"line":64,"column":24}}}},"branchMap":{"0":{"loc":{"start":{"line":6,"column":8},"end":{"line":6,"column":26}},"type":"if","locations":[{"start":{"line":6,"column":8},"end":{"line":6,"column":26}},{"start":{"line":6,"column":8},"end":{"line":6,"column":26}}]},"1":{"loc":{"start":{"line":35,"column":16},"end":{"line":37,"column":17}},"type":"if","locations":[{"start":{"line":35,"column":16},"end":{"line":37,"column":17}},{"start":{"line":35,"column":16},"end":{"line":37,"column":17}}]},"2":{"loc":{"start":{"line":43,"column":16},"end":{"line":48,"column":17}},"type":"if","locations":[{"start":{"line":43,"column":16},"end":{"line":48,"column":17}},{"start":{"line":43,"column":16},"end":{"line":48,"column":17}}]},"3":{"loc":{"start":{"line":45,"column":33},"end":{"line":45,"column":32}},"type":"binary-expr","locations":[{"start":{"line":45,"column":33},"end":{"line":45,"column":32}},{"start":{"line":45,"column":49},"end":{"line":45,"column":20}}]},"4":{"loc":{"start":{"line":46,"column":35},"end":{"line":46,"column":34}},"type":"binary-expr","locations":[{"start":{"line":46,"column":35},"end":{"line":46,"column":34}},{"start":{"line":46,"column":53},"end":{"line":46,"column":20}}]},"5":{"loc":{"start":{"line":47,"column":31},"end":{"line":47,"column":30}},"type":"binary-expr","locations":[{"start":{"line":47,"column":31},"end":{"line":47,"column":30}},{"start":{"line":47,"column":47},"end":{"line":47,"column":20}}]},"6":{"loc":{"start":{"line":60,"column":16},"end":{"line":71,"column":17}},"type":"if","locations":[{"start":{"line":60,"column":16},"end":{"line":71,"column":17}},{"start":{"line":60,"column":16},"end":{"line":71,"column":17}}]},"7":{"loc":{"start":{"line":61,"column":30},"end":{"line":61,"column":29}},"type":"binary-expr","locations":[{"start":{"line":61,"column":30},"end":{"line":61,"column":29}},{"start":{"line":61,"column":45},"end":{"line":61,"column":20}}]},"8":{"loc":{"start":{"line":66,"column":28},"end":{"line":68,"column":29}},"type":"if","locations":[{"start":{"line":66,"column":28},"end":{"line":68,"column":29}},{"start":{"line":66,"column":28},"end":{"line":68,"column":29}}]},"9":{"loc":{"start":{"line":74,"column":29},"end":{"line":74,"column":28}},"type":"binary-expr","locations":[{"start":{"line":74,"column":29},"end":{"line":74,"column":28}},{"start":{"line":74,"column":47},"end":{"line":74,"column":16}}]},"10":{"loc":{"start":{"line":75,"column":30},"end":{"line":75,"column":37}},"type":"binary-expr","locations":[{"start":{"line":75,"column":30},"end":{"line":75,"column":37}},{"start":{"line":75,"column":41},"end":{"line":75,"column":16}}]}},"s":{"0":0,"1":0,"2":0,"3":0,"4":0,"5":0,"6":0,"7":0,"8":0,"9":0,"10":0,"11":0,"12":0,"13":0,"14":0,"15":0,"16":0,"17":0,"18":0,"19":0,"20":0,"21":0,"22":0,"23":0,"24":0,"25":0,"26":0,"27":0,"28":0,"29":0,"30":0,"31":0,"32":0,"33":0,"34":0,"35":0,"36":0,"37":0,"38":0,"39":0},"f":{"0":0,"1":0,"2":0,"3":0,"4":0,"5":0,"6":0},"b":{"0":[0,0],"1":[0,0],"2":[0,0],"3":[0,0],"4":[0,0],"5":[0,0],"6":[0,0],"7":[0,0],"8":[0,0],"9":[0,0],"10":[0,0]}}
,"/Users/siyao/www/testsystem-mysql-express/src/utils/chengxw.js": {"path":"/Users/siyao/www/testsystem-mysql-express/src/utils/chengxw.js","statementMap":{"0":{"start":{"line":24,"column":12},"end":{"line":24,"column":2}},"1":{"start":{"line":25,"column":10},"end":{"line":25,"column":2}},"2":{"start":{"line":26,"column":2},"end":{"line":26,"column":17}},"3":{"start":{"line":26,"column":17},"end":{"line":null,"column":-1}},"4":{"start":{"line":27,"column":2},"end":{"line":null,"column":-1}},"5":{"start":{"line":31,"column":19},"end":{"line":31,"column":2}},"6":{"start":{"line":32,"column":2},"end":{"line":null,"column":-1}},"7":{"start":{"line":33,"column":2},"end":{"line":null,"column":-1}},"8":{"start":{"line":37,"column":17},"end":{"line":37,"column":2}},"9":{"start":{"line":38,"column":2},"end":{"line":41,"column":4}},"10":{"start":{"line":39,"column":4},"end":{"line":38,"column":2}},"11":{"start":{"line":41,"column":4},"end":{"line":null,"column":-1}},"12":{"start":{"line":45,"column":12},"end":{"line":45,"column":2}},"13":{"start":{"line":46,"column":2},"end":{"line":null,"column":-1}},"14":{"start":{"line":47,"column":13},"end":{"line":47,"column":2}},"15":{"start":{"line":48,"column":2},"end":{"line":49,"column":4}},"16":{"start":{"line":49,"column":4},"end":{"line":null,"column":-1}},"17":{"start":{"line":53,"column":2},"end":{"line":null,"column":-1}},"18":{"start":{"line":61,"column":2},"end":{"line":null,"column":-1}},"19":{"start":{"line":68,"column":2},"end":{"line":103,"column":3}},"20":{"start":{"line":69,"column":4},"end":{"line":null,"column":-1}},"21":{"start":{"line":75,"column":9},"end":{"line":103,"column":3}},"22":{"start":{"line":76,"column":4},"end":{"line":null,"column":-1}},"23":{"start":{"line":82,"column":9},"end":{"line":103,"column":3}},"24":{"start":{"line":83,"column":4},"end":{"line":null,"column":-1}},"25":{"start":{"line":89,"column":9},"end":{"line":103,"column":3}},"26":{"start":{"line":90,"column":4},"end":{"line":null,"column":-1}},"27":{"start":{"line":96,"column":9},"end":{"line":103,"column":3}},"28":{"start":{"line":97,"column":4},"end":{"line":null,"column":-1}},"29":{"start":{"line":107,"column":10},"end":{"line":107,"column":2}},"30":{"start":{"line":108,"column":18},"end":{"line":108,"column":2}},"31":{"start":{"line":109,"column":14},"end":{"line":109,"column":2}},"32":{"start":{"line":112,"column":2},"end":{"line":null,"column":-1}},"33":{"start":{"line":116,"column":2},"end":{"line":null,"column":-1}},"34":{"start":{"line":120,"column":2},"end":{"line":null,"column":-1}},"35":{"start":{"line":124,"column":2},"end":{"line":136,"column":3}},"36":{"start":{"line":125,"column":4},"end":{"line":129,"column":5}},"37":{"start":{"line":126,"column":6},"end":{"line":null,"column":-1}},"38":{"start":{"line":128,"column":6},"end":{"line":null,"column":-1}},"39":{"start":{"line":130,"column":9},"end":{"line":136,"column":3}},"40":{"start":{"line":131,"column":4},"end":{"line":135,"column":5}},"41":{"start":{"line":132,"column":6},"end":{"line":null,"column":-1}},"42":{"start":{"line":134,"column":6},"end":{"line":null,"column":-1}},"43":{"start":{"line":140,"column":11},"end":{"line":140,"column":2}},"44":{"start":{"line":141,"column":2},"end":{"line":145,"column":3}},"45":{"start":{"line":142,"column":4},"end":{"line":null,"column":-1}},"46":{"start":{"line":144,"column":4},"end":{"line":null,"column":-1}},"47":{"start":{"line":149,"column":2},"end":{"line":155,"column":3}},"48":{"start":{"line":150,"column":4},"end":{"line":null,"column":-1}},"49":{"start":{"line":151,"column":6},"end":{"line":null,"column":-1}},"50":{"start":{"line":154,"column":4},"end":{"line":null,"column":-1}},"51":{"start":{"line":159,"column":2},"end":{"line":null,"column":-1}},"52":{"start":{"line":160,"column":2},"end":{"line":null,"column":-1}},"53":{"start":{"line":161,"column":11},"end":{"line":161,"column":2}},"54":{"start":{"line":162,"column":11},"end":{"line":162,"column":2}},"55":{"start":{"line":163,"column":11},"end":{"line":163,"column":2}},"56":{"start":{"line":164,"column":11},"end":{"line":164,"column":2}},"57":{"start":{"line":165,"column":11},"end":{"line":165,"column":2}},"58":{"start":{"line":166,"column":11},"end":{"line":166,"column":2}},"59":{"start":{"line":167,"column":2},"end":{"line":170,"column":3}},"60":{"start":{"line":168,"column":4},"end":{"line":null,"column":-1}},"61":{"start":{"line":169,"column":4},"end":{"line":null,"column":-1}},"62":{"start":{"line":171,"column":2},"end":{"line":174,"column":3}},"63":{"start":{"line":172,"column":4},"end":{"line":null,"column":-1}},"64":{"start":{"line":173,"column":4},"end":{"line":null,"column":-1}},"65":{"start":{"line":175,"column":11},"end":{"line":175,"column":2}},"66":{"start":{"line":176,"column":11},"end":{"line":176,"column":2}},"67":{"start":{"line":178,"column":10},"end":{"line":178,"column":2}},"68":{"start":{"line":180,"column":10},"end":{"line":180,"column":2}},"69":{"start":{"line":182,"column":14},"end":{"line":182,"column":2}},"70":{"start":{"line":183,"column":2},"end":{"line":158,"column":35}},"71":{"start":{"line":185,"column":2},"end":{"line":188,"column":3}},"72":{"start":{"line":186,"column":25},"end":{"line":186,"column":4}},"73":{"start":{"line":187,"column":4},"end":{"line":null,"column":-1}},"74":{"start":{"line":193,"column":2},"end":{"line":199,"column":3}},"75":{"start":{"line":194,"column":4},"end":{"line":null,"column":-1}},"76":{"start":{"line":195,"column":4},"end":{"line":null,"column":-1}},"77":{"start":{"line":196,"column":4},"end":{"line":null,"column":-1}},"78":{"start":{"line":197,"column":4},"end":{"line":null,"column":-1}},"79":{"start":{"line":198,"column":4},"end":{"line":null,"column":-1}},"80":{"start":{"line":201,"column":2},"end":{"line":209,"column":3}},"81":{"start":{"line":202,"column":4},"end":{"line":204,"column":5}},"82":{"start":{"line":203,"column":6},"end":{"line":null,"column":-1}},"83":{"start":{"line":205,"column":4},"end":{"line":null,"column":-1}},"84":{"start":{"line":206,"column":4},"end":{"line":null,"column":-1}},"85":{"start":{"line":208,"column":4},"end":{"line":208,"column":8}},"86":{"start":{"line":210,"column":2},"end":{"line":null,"column":-1}},"87":{"start":{"line":212,"column":22},"end":{"line":212,"column":0}},"88":{"start":{"line":213,"column":10},"end":{"line":213,"column":2}},"89":{"start":{"line":215,"column":14},"end":{"line":215,"column":6}},"90":{"start":{"line":216,"column":6},"end":{"line":223,"column":7}},"91":{"start":{"line":217,"column":8},"end":{"line":219,"column":9}},"92":{"start":{"line":218,"column":10},"end":{"line":null,"column":-1}},"93":{"start":{"line":220,"column":8},"end":{"line":null,"column":-1}},"94":{"start":{"line":222,"column":8},"end":{"line":null,"column":-1}},"95":{"start":{"line":226,"column":6},"end":{"line":225,"column":19}},"96":{"start":{"line":227,"column":19},"end":{"line":227,"column":6}},"97":{"start":{"line":228,"column":14},"end":{"line":227,"column":6}},"98":{"start":{"line":230,"column":16},"end":{"line":230,"column":6}},"99":{"start":{"line":231,"column":14},"end":{"line":230,"column":6}},"100":{"start":{"line":239,"column":6},"end":{"line":248,"column":7}},"101":{"start":{"line":240,"column":8},"end":{"line":null,"column":-1}},"102":{"start":{"line":241,"column":8},"end":{"line":null,"column":-1}},"103":{"start":{"line":242,"column":8},"end":{"line":null,"column":-1}},"104":{"start":{"line":243,"column":8},"end":{"line":239,"column":19}},"105":{"start":{"line":245,"column":8},"end":{"line":239,"column":19}},"106":{"start":{"line":247,"column":8},"end":{"line":null,"column":-1}},"107":{"start":{"line":249,"column":6},"end":{"line":null,"column":-1}},"108":{"start":{"line":252,"column":6},"end":{"line":254,"column":7}},"109":{"start":{"line":253,"column":8},"end":{"line":null,"column":-1}},"110":{"start":{"line":255,"column":6},"end":{"line":257,"column":7}},"111":{"start":{"line":256,"column":8},"end":{"line":null,"column":-1}},"112":{"start":{"line":258,"column":6},"end":{"line":260,"column":7}},"113":{"start":{"line":259,"column":8},"end":{"line":null,"column":-1}},"114":{"start":{"line":261,"column":6},"end":{"line":263,"column":7}},"115":{"start":{"line":262,"column":8},"end":{"line":null,"column":-1}},"116":{"start":{"line":264,"column":6},"end":{"line":266,"column":7}},"117":{"start":{"line":265,"column":8},"end":{"line":null,"column":-1}},"118":{"start":{"line":267,"column":6},"end":{"line":269,"column":7}},"119":{"start":{"line":268,"column":8},"end":{"line":null,"column":-1}},"120":{"start":{"line":270,"column":6},"end":{"line":null,"column":-1}},"121":{"start":{"line":273,"column":2},"end":{"line":null,"column":-1}},"122":{"start":{"line":275,"column":15},"end":{"line":275,"column":0}},"123":{"start":{"line":276,"column":2},"end":{"line":null,"column":-1}},"124":{"start":{"line":277,"column":26},"end":{"line":277,"column":4}},"125":{"start":{"line":278,"column":4},"end":{"line":null,"column":-1}},"126":{"start":{"line":280,"column":2},"end":{"line":null,"column":-1}},"127":{"start":{"line":281,"column":28},"end":{"line":281,"column":4}},"128":{"start":{"line":282,"column":4},"end":{"line":null,"column":-1}},"129":{"start":{"line":286,"column":25},"end":{"line":286,"column":7}}},"fnMap":{"0":{"name":"GetQueryString","decl":{"start":{"line":23,"column":9},"end":{"line":23,"column":0}},"loc":{"start":{"line":23,"column":30},"end":{"line":28,"column":1}}},"1":{"name":"setCookie","decl":{"start":{"line":30,"column":9},"end":{"line":30,"column":0}},"loc":{"start":{"line":30,"column":39},"end":{"line":34,"column":1}}},"2":{"name":"getCookie","decl":{"start":{"line":36,"column":9},"end":{"line":36,"column":0}},"loc":{"start":{"line":36,"column":25},"end":{"line":42,"column":1}}},"3":{"name":"delCookie","decl":{"start":{"line":44,"column":9},"end":{"line":44,"column":0}},"loc":{"start":{"line":44,"column":25},"end":{"line":50,"column":1}}},"4":{"name":"layerOpen","decl":{"start":{"line":52,"column":9},"end":{"line":52,"column":0}},"loc":{"start":{"line":52,"column":28},"end":{"line":58,"column":1}}},"5":{"name":"layerLoading","decl":{"start":{"line":60,"column":9},"end":{"line":60,"column":0}},"loc":{"start":{"line":60,"column":31},"end":{"line":65,"column":1}}},"6":{"name":"layerBtn","decl":{"start":{"line":67,"column":9},"end":{"line":67,"column":0}},"loc":{"start":{"line":67,"column":43},"end":{"line":104,"column":1}}},"7":{"name":"checkTypeAppSystem","decl":{"start":{"line":106,"column":9},"end":{"line":106,"column":0}},"loc":{"start":{"line":106,"column":30},"end":{"line":113,"column":1}}},"8":{"name":"href","decl":{"start":{"line":115,"column":9},"end":{"line":115,"column":0}},"loc":{"start":{"line":115,"column":20},"end":{"line":117,"column":1}}},"9":{"name":"iframeHref","decl":{"start":{"line":119,"column":9},"end":{"line":119,"column":0}},"loc":{"start":{"line":119,"column":26},"end":{"line":121,"column":1}}},"10":{"name":"loginJudge","decl":{"start":{"line":123,"column":9},"end":{"line":123,"column":0}},"loc":{"start":{"line":123,"column":30},"end":{"line":137,"column":1}}},"11":{"name":"is_weixn","decl":{"start":{"line":139,"column":9},"end":{"line":139,"column":0}},"loc":{"start":{"line":139,"column":20},"end":{"line":146,"column":1}}},"12":{"name":"back","decl":{"start":{"line":148,"column":9},"end":{"line":148,"column":0}},"loc":{"start":{"line":148,"column":25},"end":{"line":156,"column":1}}},"13":{"name":"(anonymous_13)","decl":{"start":{"line":150,"column":15},"end":{"line":150,"column":25}},"loc":{"start":{"line":150,"column":26},"end":{"line":150,"column":14}}},"14":{"name":"goTop","decl":{"start":{"line":158,"column":9},"end":{"line":158,"column":0}},"loc":{"start":{"line":158,"column":35},"end":{"line":189,"column":1}}},"15":{"name":"sendSMS","decl":{"start":{"line":191,"column":9},"end":{"line":191,"column":0}},"loc":{"start":{"line":191,"column":32},"end":{"line":211,"column":1}}},"16":{"name":"(anonymous_16)","decl":{"start":{"line":212,"column":22},"end":{"line":212,"column":30}},"loc":{"start":{"line":212,"column":37},"end":{"line":212,"column":0}}},"17":{"name":"(anonymous_17)","decl":{"start":{"line":214,"column":10},"end":{"line":214,"column":18}},"loc":{"start":{"line":214,"column":22},"end":{"line":213,"column":10}}},"18":{"name":"(anonymous_18)","decl":{"start":{"line":225,"column":8},"end":{"line":225,"column":18}},"loc":{"start":{"line":225,"column":19},"end":{"line":213,"column":10}}},"19":{"name":"(anonymous_19)","decl":{"start":{"line":251,"column":8},"end":{"line":251,"column":18}},"loc":{"start":{"line":251,"column":19},"end":{"line":271,"column":5}}},"20":{"name":"(anonymous_20)","decl":{"start":{"line":275,"column":15},"end":{"line":275,"column":25}},"loc":{"start":{"line":275,"column":26},"end":{"line":275,"column":0}}},"21":{"name":"(anonymous_21)","decl":{"start":{"line":276,"column":35},"end":{"line":276,"column":43}},"loc":{"start":{"line":276,"column":64},"end":{"line":276,"column":2}}},"22":{"name":"(anonymous_22)","decl":{"start":{"line":280,"column":37},"end":{"line":280,"column":45}},"loc":{"start":{"line":280,"column":66},"end":{"line":280,"column":2}}}},"branchMap":{"0":{"loc":{"start":{"line":26,"column":2},"end":{"line":26,"column":17}},"type":"if","locations":[{"start":{"line":26,"column":2},"end":{"line":26,"column":17}},{"start":{"line":26,"column":2},"end":{"line":26,"column":17}}]},"1":{"loc":{"start":{"line":38,"column":2},"end":{"line":41,"column":4}},"type":"if","locations":[{"start":{"line":38,"column":2},"end":{"line":41,"column":4}},{"start":{"line":38,"column":2},"end":{"line":41,"column":4}}]},"2":{"loc":{"start":{"line":48,"column":2},"end":{"line":49,"column":4}},"type":"if","locations":[{"start":{"line":48,"column":2},"end":{"line":49,"column":4}},{"start":{"line":48,"column":2},"end":{"line":49,"column":4}}]},"3":{"loc":{"start":{"line":68,"column":2},"end":{"line":103,"column":3}},"type":"if","locations":[{"start":{"line":68,"column":2},"end":{"line":103,"column":3}},{"start":{"line":68,"column":2},"end":{"line":103,"column":3}}]},"4":{"loc":{"start":{"line":75,"column":9},"end":{"line":103,"column":3}},"type":"if","locations":[{"start":{"line":75,"column":9},"end":{"line":103,"column":3}},{"start":{"line":75,"column":9},"end":{"line":103,"column":3}}]},"5":{"loc":{"start":{"line":82,"column":9},"end":{"line":103,"column":3}},"type":"if","locations":[{"start":{"line":82,"column":9},"end":{"line":103,"column":3}},{"start":{"line":82,"column":9},"end":{"line":103,"column":3}}]},"6":{"loc":{"start":{"line":89,"column":9},"end":{"line":103,"column":3}},"type":"if","locations":[{"start":{"line":89,"column":9},"end":{"line":103,"column":3}},{"start":{"line":89,"column":9},"end":{"line":103,"column":3}}]},"7":{"loc":{"start":{"line":96,"column":9},"end":{"line":103,"column":3}},"type":"if","locations":[{"start":{"line":96,"column":9},"end":{"line":103,"column":3}},{"start":{"line":96,"column":9},"end":{"line":103,"column":3}}]},"8":{"loc":{"start":{"line":108,"column":18},"end":{"line":108,"column":17}},"type":"binary-expr","locations":[{"start":{"line":108,"column":18},"end":{"line":108,"column":17}},{"start":{"line":108,"column":47},"end":{"line":108,"column":2}}]},"9":{"loc":{"start":{"line":124,"column":2},"end":{"line":136,"column":3}},"type":"if","locations":[{"start":{"line":124,"column":2},"end":{"line":136,"column":3}},{"start":{"line":124,"column":2},"end":{"line":136,"column":3}}]},"10":{"loc":{"start":{"line":125,"column":4},"end":{"line":129,"column":5}},"type":"if","locations":[{"start":{"line":125,"column":4},"end":{"line":129,"column":5}},{"start":{"line":125,"column":4},"end":{"line":129,"column":5}}]},"11":{"loc":{"start":{"line":126,"column":6},"end":{"line":126,"column":14}},"type":"binary-expr","locations":[{"start":{"line":126,"column":6},"end":{"line":126,"column":14}},{"start":{"line":126,"column":18},"end":{"line":126,"column":6}}]},"12":{"loc":{"start":{"line":130,"column":9},"end":{"line":136,"column":3}},"type":"if","locations":[{"start":{"line":130,"column":9},"end":{"line":136,"column":3}},{"start":{"line":130,"column":9},"end":{"line":136,"column":3}}]},"13":{"loc":{"start":{"line":130,"column":13},"end":{"line":130,"column":20}},"type":"binary-expr","locations":[{"start":{"line":130,"column":13},"end":{"line":130,"column":20}},{"start":{"line":130,"column":24},"end":{"line":130,"column":9}}]},"14":{"loc":{"start":{"line":131,"column":4},"end":{"line":135,"column":5}},"type":"if","locations":[{"start":{"line":131,"column":4},"end":{"line":135,"column":5}},{"start":{"line":131,"column":4},"end":{"line":135,"column":5}}]},"15":{"loc":{"start":{"line":132,"column":6},"end":{"line":132,"column":14}},"type":"binary-expr","locations":[{"start":{"line":132,"column":6},"end":{"line":132,"column":14}},{"start":{"line":132,"column":18},"end":{"line":132,"column":6}}]},"16":{"loc":{"start":{"line":141,"column":2},"end":{"line":145,"column":3}},"type":"if","locations":[{"start":{"line":141,"column":2},"end":{"line":145,"column":3}},{"start":{"line":141,"column":2},"end":{"line":145,"column":3}}]},"17":{"loc":{"start":{"line":149,"column":2},"end":{"line":155,"column":3}},"type":"if","locations":[{"start":{"line":149,"column":2},"end":{"line":155,"column":3}},{"start":{"line":149,"column":2},"end":{"line":155,"column":3}}]},"18":{"loc":{"start":{"line":151,"column":25},"end":{"line":151,"column":28}},"type":"binary-expr","locations":[{"start":{"line":151,"column":25},"end":{"line":151,"column":28}},{"start":{"line":151,"column":32},"end":{"line":151,"column":6}}]},"19":{"loc":{"start":{"line":154,"column":23},"end":{"line":154,"column":26}},"type":"binary-expr","locations":[{"start":{"line":154,"column":23},"end":{"line":154,"column":26}},{"start":{"line":154,"column":30},"end":{"line":154,"column":4}}]},"20":{"loc":{"start":{"line":159,"column":17},"end":{"line":159,"column":29}},"type":"binary-expr","locations":[{"start":{"line":159,"column":17},"end":{"line":159,"column":29}},{"start":{"line":159,"column":33},"end":{"line":159,"column":2}}]},"21":{"loc":{"start":{"line":160,"column":9},"end":{"line":160,"column":13}},"type":"binary-expr","locations":[{"start":{"line":160,"column":9},"end":{"line":160,"column":13}},{"start":{"line":160,"column":17},"end":{"line":160,"column":2}}]},"22":{"loc":{"start":{"line":167,"column":2},"end":{"line":170,"column":3}},"type":"if","locations":[{"start":{"line":167,"column":2},"end":{"line":170,"column":3}},{"start":{"line":167,"column":2},"end":{"line":170,"column":3}}]},"23":{"loc":{"start":{"line":168,"column":9},"end":{"line":168,"column":8}},"type":"binary-expr","locations":[{"start":{"line":168,"column":9},"end":{"line":168,"column":8}},{"start":{"line":168,"column":48},"end":{"line":168,"column":4}}]},"24":{"loc":{"start":{"line":169,"column":9},"end":{"line":169,"column":8}},"type":"binary-expr","locations":[{"start":{"line":169,"column":9},"end":{"line":169,"column":8}},{"start":{"line":169,"column":47},"end":{"line":169,"column":4}}]},"25":{"loc":{"start":{"line":171,"column":2},"end":{"line":174,"column":3}},"type":"if","locations":[{"start":{"line":171,"column":2},"end":{"line":174,"column":3}},{"start":{"line":171,"column":2},"end":{"line":174,"column":3}}]},"26":{"loc":{"start":{"line":172,"column":9},"end":{"line":172,"column":8}},"type":"binary-expr","locations":[{"start":{"line":172,"column":9},"end":{"line":172,"column":8}},{"start":{"line":172,"column":37},"end":{"line":172,"column":4}}]},"27":{"loc":{"start":{"line":173,"column":9},"end":{"line":173,"column":8}},"type":"binary-expr","locations":[{"start":{"line":173,"column":9},"end":{"line":173,"column":8}},{"start":{"line":173,"column":36},"end":{"line":173,"column":4}}]},"28":{"loc":{"start":{"line":175,"column":11},"end":{"line":175,"column":10}},"type":"binary-expr","locations":[{"start":{"line":175,"column":11},"end":{"line":175,"column":10}},{"start":{"line":175,"column":29},"end":{"line":175,"column":2}}]},"29":{"loc":{"start":{"line":176,"column":11},"end":{"line":176,"column":10}},"type":"binary-expr","locations":[{"start":{"line":176,"column":11},"end":{"line":176,"column":10}},{"start":{"line":176,"column":29},"end":{"line":176,"column":2}}]},"30":{"loc":{"start":{"line":185,"column":2},"end":{"line":188,"column":3}},"type":"if","locations":[{"start":{"line":185,"column":2},"end":{"line":188,"column":3}},{"start":{"line":185,"column":2},"end":{"line":188,"column":3}}]},"31":{"loc":{"start":{"line":185,"column":6},"end":{"line":185,"column":5}},"type":"binary-expr","locations":[{"start":{"line":185,"column":6},"end":{"line":185,"column":5}},{"start":{"line":185,"column":15},"end":{"line":185,"column":2}}]},"32":{"loc":{"start":{"line":193,"column":2},"end":{"line":199,"column":3}},"type":"if","locations":[{"start":{"line":193,"column":2},"end":{"line":199,"column":3}},{"start":{"line":193,"column":2},"end":{"line":199,"column":3}}]},"33":{"loc":{"start":{"line":201,"column":2},"end":{"line":209,"column":3}},"type":"if","locations":[{"start":{"line":201,"column":2},"end":{"line":209,"column":3}},{"start":{"line":201,"column":2},"end":{"line":209,"column":3}}]},"34":{"loc":{"start":{"line":202,"column":4},"end":{"line":204,"column":5}},"type":"if","locations":[{"start":{"line":202,"column":4},"end":{"line":204,"column":5}},{"start":{"line":202,"column":4},"end":{"line":204,"column":5}}]},"35":{"loc":{"start":{"line":216,"column":6},"end":{"line":223,"column":7}},"type":"if","locations":[{"start":{"line":216,"column":6},"end":{"line":223,"column":7}},{"start":{"line":216,"column":6},"end":{"line":223,"column":7}}]},"36":{"loc":{"start":{"line":217,"column":8},"end":{"line":219,"column":9}},"type":"if","locations":[{"start":{"line":217,"column":8},"end":{"line":219,"column":9}},{"start":{"line":217,"column":8},"end":{"line":219,"column":9}}]},"37":{"loc":{"start":{"line":226,"column":10},"end":{"line":226,"column":11}},"type":"binary-expr","locations":[{"start":{"line":226,"column":10},"end":{"line":226,"column":11}},{"start":{"line":226,"column":15},"end":{"line":226,"column":6}}]},"38":{"loc":{"start":{"line":239,"column":6},"end":{"line":248,"column":7}},"type":"if","locations":[{"start":{"line":239,"column":6},"end":{"line":248,"column":7}},{"start":{"line":239,"column":6},"end":{"line":248,"column":7}}]},"39":{"loc":{"start":{"line":241,"column":48},"end":{"line":241,"column":19}},"type":"cond-expr","locations":[{"start":{"line":241,"column":48},"end":{"line":241,"column":19}},{"start":{"line":241,"column":86},"end":{"line":241,"column":8}}]},"40":{"loc":{"start":{"line":242,"column":50},"end":{"line":242,"column":19}},"type":"cond-expr","locations":[{"start":{"line":242,"column":50},"end":{"line":242,"column":19}},{"start":{"line":242,"column":90},"end":{"line":242,"column":8}}]},"41":{"loc":{"start":{"line":243,"column":50},"end":{"line":243,"column":18}},"type":"cond-expr","locations":[{"start":{"line":243,"column":50},"end":{"line":243,"column":18}},{"start":{"line":243,"column":91},"end":{"line":243,"column":8}}]},"42":{"loc":{"start":{"line":245,"column":54},"end":{"line":245,"column":20}},"type":"cond-expr","locations":[{"start":{"line":245,"column":54},"end":{"line":245,"column":20}},{"start":{"line":245,"column":97},"end":{"line":245,"column":8}}]},"43":{"loc":{"start":{"line":247,"column":54},"end":{"line":247,"column":19}},"type":"cond-expr","locations":[{"start":{"line":247,"column":54},"end":{"line":247,"column":19}},{"start":{"line":247,"column":85},"end":{"line":247,"column":8}}]},"44":{"loc":{"start":{"line":252,"column":6},"end":{"line":254,"column":7}},"type":"if","locations":[{"start":{"line":252,"column":6},"end":{"line":254,"column":7}},{"start":{"line":252,"column":6},"end":{"line":254,"column":7}}]},"45":{"loc":{"start":{"line":255,"column":6},"end":{"line":257,"column":7}},"type":"if","locations":[{"start":{"line":255,"column":6},"end":{"line":257,"column":7}},{"start":{"line":255,"column":6},"end":{"line":257,"column":7}}]},"46":{"loc":{"start":{"line":258,"column":6},"end":{"line":260,"column":7}},"type":"if","locations":[{"start":{"line":258,"column":6},"end":{"line":260,"column":7}},{"start":{"line":258,"column":6},"end":{"line":260,"column":7}}]},"47":{"loc":{"start":{"line":261,"column":6},"end":{"line":263,"column":7}},"type":"if","locations":[{"start":{"line":261,"column":6},"end":{"line":263,"column":7}},{"start":{"line":261,"column":6},"end":{"line":263,"column":7}}]},"48":{"loc":{"start":{"line":264,"column":6},"end":{"line":266,"column":7}},"type":"if","locations":[{"start":{"line":264,"column":6},"end":{"line":266,"column":7}},{"start":{"line":264,"column":6},"end":{"line":266,"column":7}}]},"49":{"loc":{"start":{"line":267,"column":6},"end":{"line":269,"column":7}},"type":"if","locations":[{"start":{"line":267,"column":6},"end":{"line":269,"column":7}},{"start":{"line":267,"column":6},"end":{"line":269,"column":7}}]}},"s":{"0":0,"1":0,"2":0,"3":0,"4":0,"5":0,"6":0,"7":0,"8":0,"9":0,"10":0,"11":0,"12":0,"13":0,"14":0,"15":0,"16":0,"17":0,"18":0,"19":0,"20":0,"21":0,"22":0,"23":0,"24":0,"25":0,"26":0,"27":0,"28":0,"29":0,"30":0,"31":0,"32":0,"33":0,"34":0,"35":0,"36":0,"37":0,"38":0,"39":0,"40":0,"41":0,"42":0,"43":0,"44":0,"45":0,"46":0,"47":0,"48":0,"49":0,"50":0,"51":0,"52":0,"53":0,"54":0,"55":0,"56":0,"57":0,"58":0,"59":0,"60":0,"61":0,"62":0,"63":0,"64":0,"65":0,"66":0,"67":0,"68":0,"69":0,"70":0,"71":0,"72":0,"73":0,"74":0,"75":0,"76":0,"77":0,"78":0,"79":0,"80":0,"81":0,"82":0,"83":0,"84":0,"85":0,"86":0,"87":0,"88":0,"89":0,"90":0,"91":0,"92":0,"93":0,"94":0,"95":0,"96":0,"97":0,"98":0,"99":0,"100":0,"101":0,"102":0,"103":0,"104":0,"105":0,"106":0,"107":0,"108":0,"109":0,"110":0,"111":0,"112":0,"113":0,"114":0,"115":0,"116":0,"117":0,"118":0,"119":0,"120":0,"121":0,"122":0,"123":0,"124":0,"125":0,"126":0,"127":0,"128":0,"129":0},"f":{"0":0,"1":0,"2":0,"3":0,"4":0,"5":0,"6":0,"7":0,"8":0,"9":0,"10":0,"11":0,"12":0,"13":0,"14":0,"15":0,"16":0,"17":0,"18":0,"19":0,"20":0,"21":0,"22":0},"b":{"0":[0,0],"1":[0,0],"2":[0,0],"3":[0,0],"4":[0,0],"5":[0,0],"6":[0,0],"7":[0,0],"8":[0,0],"9":[0,0],"10":[0,0],"11":[0,0],"12":[0,0],"13":[0,0],"14":[0,0],"15":[0,0],"16":[0,0],"17":[0,0],"18":[0,0],"19":[0,0],"20":[0,0],"21":[0,0],"22":[0,0],"23":[0,0],"24":[0,0],"25":[0,0],"26":[0,0],"27":[0,0],"28":[0,0],"29":[0,0],"30":[0,0],"31":[0,0],"32":[0,0],"33":[0,0],"34":[0,0],"35":[0,0],"36":[0,0],"37":[0,0],"38":[0,0],"39":[0,0],"40":[0,0],"41":[0,0],"42":[0,0],"43":[0,0],"44":[0,0],"45":[0,0],"46":[0,0],"47":[0,0],"48":[0,0],"49":[0,0]}}
,"/Users/siyao/www/testsystem-mysql-express/src/utils/constants.js": {"path":"/Users/siyao/www/testsystem-mysql-express/src/utils/constants.js","statementMap":{"0":{"start":{"line":2,"column":20},"end":{"line":2,"column":7}}},"fnMap":{},"branchMap":{},"s":{"0":0},"f":{},"b":{}}
,"/Users/siyao/www/testsystem-mysql-express/src/utils/des.js": {"path":"/Users/siyao/www/testsystem-mysql-express/src/utils/des.js","statementMap":{"0":{"start":{"line":1,"column":0},"end":{"line":null,"column":-1}},"1":{"start":{"line":3,"column":12},"end":{"line":3,"column":0}},"2":{"start":{"line":5,"column":27},"end":{"line":5,"column":7}},"3":{"start":{"line":6,"column":4},"end":{"line":null,"column":-1}},"4":{"start":{"line":7,"column":17},"end":{"line":7,"column":4}},"5":{"start":{"line":8,"column":17},"end":{"line":8,"column":4}},"6":{"start":{"line":9,"column":20},"end":{"line":9,"column":4}},"7":{"start":{"line":10,"column":4},"end":{"line":null,"column":-1}},"8":{"start":{"line":13,"column":27},"end":{"line":13,"column":7}},"9":{"start":{"line":14,"column":4},"end":{"line":null,"column":-1}},"10":{"start":{"line":15,"column":17},"end":{"line":15,"column":4}},"11":{"start":{"line":16,"column":20},"end":{"line":16,"column":4}},"12":{"start":{"line":26,"column":4},"end":{"line":null,"column":-1}}},"fnMap":{"0":{"name":"(anonymous_0)","decl":{"start":{"line":5,"column":27},"end":{"line":5,"column":25}},"loc":{"start":{"line":5,"column":39},"end":{"line":5,"column":7}}},"1":{"name":"(anonymous_1)","decl":{"start":{"line":13,"column":27},"end":{"line":13,"column":25}},"loc":{"start":{"line":13,"column":39},"end":{"line":13,"column":7}}}},"branchMap":{},"s":{"0":0,"1":0,"2":0,"3":0,"4":0,"5":0,"6":0,"7":0,"8":0,"9":0,"10":0,"11":0,"12":0},"f":{"0":0,"1":0},"b":{}}
,"/Users/siyao/www/testsystem-mysql-express/src/utils/store.js": {"path":"/Users/siyao/www/testsystem-mysql-express/src/utils/store.js","statementMap":{"0":{"start":{"line":4,"column":4},"end":{"line":null,"column":-1}},"1":{"start":{"line":9,"column":4},"end":{"line":null,"column":-1}},"2":{"start":{"line":14,"column":4},"end":{"line":null,"column":-1}},"3":{"start":{"line":19,"column":4},"end":{"line":null,"column":-1}},"4":{"start":{"line":24,"column":18},"end":{"line":24,"column":0}},"5":{"start":{"line":29,"column":16},"end":{"line":29,"column":4}},"6":{"start":{"line":31,"column":4},"end":{"line":34,"column":5}},"7":{"start":{"line":32,"column":6},"end":{"line":null,"column":-1}},"8":{"start":{"line":33,"column":6},"end":{"line":null,"column":-1}},"9":{"start":{"line":36,"column":4},"end":{"line":null,"column":-1}},"10":{"start":{"line":40,"column":4},"end":{"line":null,"column":-1}}},"fnMap":{"0":{"name":"(anonymous_0)","decl":{"start":{"line":3,"column":2},"end":{"line":3,"column":12}},"loc":{"start":{"line":3,"column":16},"end":{"line":2,"column":12}}},"1":{"name":"(anonymous_1)","decl":{"start":{"line":8,"column":2},"end":{"line":8,"column":4}},"loc":{"start":{"line":8,"column":18},"end":{"line":2,"column":12}}},"2":{"name":"(anonymous_2)","decl":{"start":{"line":13,"column":2},"end":{"line":13,"column":4}},"loc":{"start":{"line":13,"column":11},"end":{"line":2,"column":12}}},"3":{"name":"(anonymous_3)","decl":{"start":{"line":18,"column":2},"end":{"line":18,"column":7}},"loc":{"start":{"line":18,"column":14},"end":{"line":20,"column":3}}}},"branchMap":{"0":{"loc":{"start":{"line":31,"column":4},"end":{"line":34,"column":5}},"type":"if","locations":[{"start":{"line":31,"column":4},"end":{"line":34,"column":5}},{"start":{"line":31,"column":4},"end":{"line":34,"column":5}}]}},"s":{"0":0,"1":0,"2":0,"3":0,"4":0,"5":0,"6":0,"7":0,"8":0,"9":0,"10":0},"f":{"0":0,"1":0,"2":0,"3":0},"b":{"0":[0,0]}}
,"/Users/siyao/www/testsystem-mysql-express/src/utils/utils.js": {"path":"/Users/siyao/www/testsystem-mysql-express/src/utils/utils.js","statementMap":{"0":{"start":{"line":2,"column":0},"end":{"line":null,"column":-1}},"1":{"start":{"line":7,"column":24},"end":{"line":7,"column":7}},"2":{"start":{"line":8,"column":4},"end":{"line":8,"column":15}},"3":{"start":{"line":8,"column":15},"end":{"line":null,"column":-1}},"4":{"start":{"line":9,"column":4},"end":{"line":11,"column":5}},"5":{"start":{"line":10,"column":8},"end":{"line":null,"column":-1}},"6":{"start":{"line":12,"column":4},"end":{"line":null,"column":-1}},"7":{"start":{"line":18,"column":24},"end":{"line":18,"column":7}},"8":{"start":{"line":19,"column":4},"end":{"line":19,"column":15}},"9":{"start":{"line":19,"column":15},"end":{"line":null,"column":-1}},"10":{"start":{"line":20,"column":4},"end":{"line":null,"column":-1}},"11":{"start":{"line":26,"column":27},"end":{"line":26,"column":7}},"12":{"start":{"line":27,"column":4},"end":{"line":27,"column":15}},"13":{"start":{"line":27,"column":15},"end":{"line":null,"column":-1}},"14":{"start":{"line":28,"column":4},"end":{"line":null,"column":-1}},"15":{"start":{"line":33,"column":31},"end":{"line":33,"column":7}},"16":{"start":{"line":34,"column":4},"end":{"line":34,"column":15}},"17":{"start":{"line":34,"column":15},"end":{"line":null,"column":-1}},"18":{"start":{"line":35,"column":4},"end":{"line":37,"column":5}},"19":{"start":{"line":36,"column":8},"end":{"line":null,"column":-1}},"20":{"start":{"line":38,"column":4},"end":{"line":null,"column":-1}},"21":{"start":{"line":44,"column":31},"end":{"line":44,"column":7}},"22":{"start":{"line":45,"column":4},"end":{"line":45,"column":15}},"23":{"start":{"line":45,"column":15},"end":{"line":null,"column":-1}},"24":{"start":{"line":46,"column":4},"end":{"line":null,"column":-1}},"25":{"start":{"line":52,"column":34},"end":{"line":52,"column":7}},"26":{"start":{"line":53,"column":4},"end":{"line":53,"column":15}},"27":{"start":{"line":53,"column":15},"end":{"line":null,"column":-1}},"28":{"start":{"line":54,"column":4},"end":{"line":null,"column":-1}},"29":{"start":{"line":58,"column":15},"end":{"line":58,"column":0}},"30":{"start":{"line":61,"column":17},"end":{"line":61,"column":0}},"31":{"start":{"line":62,"column":4},"end":{"line":null,"column":-1}},"32":{"start":{"line":64,"column":4},"end":{"line":null,"column":-1}},"33":{"start":{"line":68,"column":17},"end":{"line":68,"column":0}},"34":{"start":{"line":69,"column":4},"end":{"line":71,"column":5}},"35":{"start":{"line":70,"column":8},"end":{"line":null,"column":-1}},"36":{"start":{"line":73,"column":4},"end":{"line":null,"column":-1}},"37":{"start":{"line":75,"column":4},"end":{"line":null,"column":-1}},"38":{"start":{"line":79,"column":20},"end":{"line":79,"column":0}},"39":{"start":{"line":80,"column":4},"end":{"line":null,"column":-1}},"40":{"start":{"line":82,"column":4},"end":{"line":null,"column":-1}},"41":{"start":{"line":88,"column":21},"end":{"line":88,"column":0}},"42":{"start":{"line":89,"column":12},"end":{"line":89,"column":4}},"43":{"start":{"line":90,"column":15},"end":{"line":90,"column":4}},"44":{"start":{"line":91,"column":16},"end":{"line":91,"column":8}},"45":{"start":{"line":92,"column":8},"end":{"line":null,"column":-1}},"46":{"start":{"line":93,"column":8},"end":{"line":null,"column":-1}},"47":{"start":{"line":95,"column":4},"end":{"line":null,"column":-1}},"48":{"start":{"line":97,"column":15},"end":{"line":97,"column":0}},"49":{"start":{"line":100,"column":17},"end":{"line":100,"column":0}},"50":{"start":{"line":101,"column":4},"end":{"line":105,"column":5}},"51":{"start":{"line":102,"column":8},"end":{"line":null,"column":-1}},"52":{"start":{"line":104,"column":8},"end":{"line":null,"column":-1}},"53":{"start":{"line":112,"column":24},"end":{"line":112,"column":7}},"54":{"start":{"line":112,"column":30},"end":{"line":112,"column":7}},"55":{"start":{"line":119,"column":25},"end":{"line":119,"column":7}},"56":{"start":{"line":119,"column":32},"end":{"line":119,"column":7}},"57":{"start":{"line":129,"column":26},"end":{"line":129,"column":7}},"58":{"start":{"line":130,"column":12},"end":{"line":130,"column":4}},"59":{"start":{"line":139,"column":4},"end":{"line":140,"column":8}},"60":{"start":{"line":140,"column":8},"end":{"line":null,"column":-1}},"61":{"start":{"line":141,"column":4},"end":{"line":143,"column":8}},"62":{"start":{"line":142,"column":8},"end":{"line":143,"column":8}},"63":{"start":{"line":143,"column":8},"end":{"line":null,"column":-1}},"64":{"start":{"line":144,"column":4},"end":{"line":null,"column":-1}},"65":{"start":{"line":153,"column":24},"end":{"line":153,"column":7}},"66":{"start":{"line":154,"column":16},"end":{"line":154,"column":4}},"67":{"start":{"line":155,"column":14},"end":{"line":155,"column":4}},"68":{"start":{"line":156,"column":19},"end":{"line":156,"column":4}},"69":{"start":{"line":157,"column":4},"end":{"line":null,"column":-1}},"70":{"start":{"line":158,"column":4},"end":{"line":null,"column":-1}},"71":{"start":{"line":167,"column":25},"end":{"line":167,"column":7}},"72":{"start":{"line":168,"column":17},"end":{"line":168,"column":4}},"73":{"start":{"line":169,"column":14},"end":{"line":169,"column":4}},"74":{"start":{"line":170,"column":4},"end":{"line":null,"column":-1}},"75":{"start":{"line":171,"column":20},"end":{"line":171,"column":4}},"76":{"start":{"line":172,"column":4},"end":{"line":null,"column":-1}},"77":{"start":{"line":173,"column":4},"end":{"line":null,"column":-1}},"78":{"start":{"line":182,"column":24},"end":{"line":182,"column":7}},"79":{"start":{"line":183,"column":16},"end":{"line":183,"column":4}},"80":{"start":{"line":184,"column":14},"end":{"line":184,"column":4}},"81":{"start":{"line":185,"column":4},"end":{"line":null,"column":-1}},"82":{"start":{"line":186,"column":20},"end":{"line":186,"column":4}},"83":{"start":{"line":187,"column":4},"end":{"line":null,"column":-1}},"84":{"start":{"line":188,"column":4},"end":{"line":null,"column":-1}},"85":{"start":{"line":195,"column":30},"end":{"line":195,"column":7}},"86":{"start":{"line":196,"column":20},"end":{"line":196,"column":4}},"87":{"start":{"line":197,"column":18},"end":{"line":197,"column":4}},"88":{"start":{"line":198,"column":4},"end":{"line":201,"column":5}},"89":{"start":{"line":199,"column":8},"end":{"line":null,"column":-1}},"90":{"start":{"line":200,"column":8},"end":{"line":null,"column":-1}},"91":{"start":{"line":202,"column":4},"end":{"line":null,"column":-1}},"92":{"start":{"line":210,"column":28},"end":{"line":210,"column":7}},"93":{"start":{"line":211,"column":4},"end":{"line":null,"column":-1}},"94":{"start":{"line":212,"column":21},"end":{"line":212,"column":4}},"95":{"start":{"line":214,"column":15},"end":{"line":214,"column":4}},"96":{"start":{"line":215,"column":4},"end":{"line":220,"column":5}},"97":{"start":{"line":216,"column":20},"end":{"line":216,"column":8}},"98":{"start":{"line":217,"column":8},"end":{"line":219,"column":9}},"99":{"start":{"line":218,"column":12},"end":{"line":null,"column":-1}},"100":{"start":{"line":221,"column":4},"end":{"line":null,"column":-1}},"101":{"start":{"line":224,"column":27},"end":{"line":224,"column":7}},"102":{"start":{"line":224,"column":33},"end":{"line":224,"column":7}},"103":{"start":{"line":226,"column":20},"end":{"line":226,"column":7}}},"fnMap":{"0":{"name":"(anonymous_0)","decl":{"start":{"line":7,"column":24},"end":{"line":7,"column":25}},"loc":{"start":{"line":7,"column":43},"end":{"line":7,"column":7}}},"1":{"name":"(anonymous_1)","decl":{"start":{"line":18,"column":24},"end":{"line":18,"column":27}},"loc":{"start":{"line":18,"column":32},"end":{"line":18,"column":7}}},"2":{"name":"(anonymous_2)","decl":{"start":{"line":26,"column":27},"end":{"line":26,"column":30}},"loc":{"start":{"line":26,"column":35},"end":{"line":26,"column":7}}},"3":{"name":"(anonymous_3)","decl":{"start":{"line":33,"column":31},"end":{"line":33,"column":32}},"loc":{"start":{"line":33,"column":50},"end":{"line":33,"column":7}}},"4":{"name":"(anonymous_4)","decl":{"start":{"line":44,"column":31},"end":{"line":44,"column":34}},"loc":{"start":{"line":44,"column":39},"end":{"line":44,"column":7}}},"5":{"name":"(anonymous_5)","decl":{"start":{"line":52,"column":34},"end":{"line":52,"column":37}},"loc":{"start":{"line":52,"column":42},"end":{"line":52,"column":7}}},"6":{"name":"(anonymous_6)","decl":{"start":{"line":61,"column":17},"end":{"line":61,"column":18}},"loc":{"start":{"line":61,"column":31},"end":{"line":61,"column":0}}},"7":{"name":"(anonymous_7)","decl":{"start":{"line":68,"column":17},"end":{"line":68,"column":19}},"loc":{"start":{"line":68,"column":24},"end":{"line":68,"column":0}}},"8":{"name":"(anonymous_8)","decl":{"start":{"line":79,"column":20},"end":{"line":79,"column":22}},"loc":{"start":{"line":79,"column":27},"end":{"line":79,"column":0}}},"9":{"name":"(anonymous_9)","decl":{"start":{"line":88,"column":21},"end":{"line":88,"column":26}},"loc":{"start":{"line":88,"column":27},"end":{"line":88,"column":0}}},"10":{"name":"(anonymous_10)","decl":{"start":{"line":90,"column":71},"end":{"line":90,"column":79}},"loc":{"start":{"line":90,"column":83},"end":{"line":90,"column":15}}},"11":{"name":"(anonymous_11)","decl":{"start":{"line":100,"column":17},"end":{"line":100,"column":22}},"loc":{"start":{"line":100,"column":23},"end":{"line":100,"column":0}}},"12":{"name":"(anonymous_12)","decl":{"start":{"line":112,"column":24},"end":{"line":112,"column":29}},"loc":{"start":{"line":112,"column":30},"end":{"line":112,"column":7}}},"13":{"name":"(anonymous_13)","decl":{"start":{"line":119,"column":25},"end":{"line":119,"column":27}},"loc":{"start":{"line":119,"column":32},"end":{"line":119,"column":7}}},"14":{"name":"(anonymous_14)","decl":{"start":{"line":129,"column":26},"end":{"line":129,"column":27}},"loc":{"start":{"line":129,"column":41},"end":{"line":129,"column":7}}},"15":{"name":"(anonymous_15)","decl":{"start":{"line":153,"column":24},"end":{"line":153,"column":29}},"loc":{"start":{"line":153,"column":30},"end":{"line":153,"column":7}}},"16":{"name":"(anonymous_16)","decl":{"start":{"line":167,"column":25},"end":{"line":167,"column":30}},"loc":{"start":{"line":167,"column":31},"end":{"line":167,"column":7}}},"17":{"name":"(anonymous_17)","decl":{"start":{"line":182,"column":24},"end":{"line":182,"column":29}},"loc":{"start":{"line":182,"column":30},"end":{"line":182,"column":7}}},"18":{"name":"(anonymous_18)","decl":{"start":{"line":195,"column":30},"end":{"line":195,"column":28}},"loc":{"start":{"line":195,"column":42},"end":{"line":195,"column":7}}},"19":{"name":"(anonymous_19)","decl":{"start":{"line":210,"column":28},"end":{"line":210,"column":30}},"loc":{"start":{"line":210,"column":35},"end":{"line":210,"column":7}}},"20":{"name":"(anonymous_20)","decl":{"start":{"line":224,"column":27},"end":{"line":224,"column":32}},"loc":{"start":{"line":224,"column":33},"end":{"line":224,"column":7}}}},"branchMap":{"0":{"loc":{"start":{"line":8,"column":4},"end":{"line":8,"column":15}},"type":"if","locations":[{"start":{"line":8,"column":4},"end":{"line":8,"column":15}},{"start":{"line":8,"column":4},"end":{"line":8,"column":15}}]},"1":{"loc":{"start":{"line":9,"column":4},"end":{"line":11,"column":5}},"type":"if","locations":[{"start":{"line":9,"column":4},"end":{"line":11,"column":5}},{"start":{"line":9,"column":4},"end":{"line":11,"column":5}}]},"2":{"loc":{"start":{"line":19,"column":4},"end":{"line":19,"column":15}},"type":"if","locations":[{"start":{"line":19,"column":4},"end":{"line":19,"column":15}},{"start":{"line":19,"column":4},"end":{"line":19,"column":15}}]},"3":{"loc":{"start":{"line":27,"column":4},"end":{"line":27,"column":15}},"type":"if","locations":[{"start":{"line":27,"column":4},"end":{"line":27,"column":15}},{"start":{"line":27,"column":4},"end":{"line":27,"column":15}}]},"4":{"loc":{"start":{"line":34,"column":4},"end":{"line":34,"column":15}},"type":"if","locations":[{"start":{"line":34,"column":4},"end":{"line":34,"column":15}},{"start":{"line":34,"column":4},"end":{"line":34,"column":15}}]},"5":{"loc":{"start":{"line":35,"column":4},"end":{"line":37,"column":5}},"type":"if","locations":[{"start":{"line":35,"column":4},"end":{"line":37,"column":5}},{"start":{"line":35,"column":4},"end":{"line":37,"column":5}}]},"6":{"loc":{"start":{"line":45,"column":4},"end":{"line":45,"column":15}},"type":"if","locations":[{"start":{"line":45,"column":4},"end":{"line":45,"column":15}},{"start":{"line":45,"column":4},"end":{"line":45,"column":15}}]},"7":{"loc":{"start":{"line":53,"column":4},"end":{"line":53,"column":15}},"type":"if","locations":[{"start":{"line":53,"column":4},"end":{"line":53,"column":15}},{"start":{"line":53,"column":4},"end":{"line":53,"column":15}}]},"8":{"loc":{"start":{"line":69,"column":4},"end":{"line":71,"column":5}},"type":"if","locations":[{"start":{"line":69,"column":4},"end":{"line":71,"column":5}},{"start":{"line":69,"column":4},"end":{"line":71,"column":5}}]},"9":{"loc":{"start":{"line":93,"column":25},"end":{"line":93,"column":16}},"type":"cond-expr","locations":[{"start":{"line":93,"column":25},"end":{"line":93,"column":16}},{"start":{"line":93,"column":30},"end":{"line":93,"column":15}}]},"10":{"loc":{"start":{"line":101,"column":4},"end":{"line":105,"column":5}},"type":"if","locations":[{"start":{"line":101,"column":4},"end":{"line":105,"column":5}},{"start":{"line":101,"column":4},"end":{"line":105,"column":5}}]},"11":{"loc":{"start":{"line":139,"column":4},"end":{"line":140,"column":8}},"type":"if","locations":[{"start":{"line":139,"column":4},"end":{"line":140,"column":8}},{"start":{"line":139,"column":4},"end":{"line":140,"column":8}}]},"12":{"loc":{"start":{"line":142,"column":8},"end":{"line":143,"column":8}},"type":"if","locations":[{"start":{"line":142,"column":8},"end":{"line":143,"column":8}},{"start":{"line":142,"column":8},"end":{"line":143,"column":8}}]},"13":{"loc":{"start":{"line":143,"column":62},"end":{"line":143,"column":37}},"type":"cond-expr","locations":[{"start":{"line":143,"column":62},"end":{"line":143,"column":37}},{"start":{"line":143,"column":71},"end":{"line":143,"column":14}}]},"14":{"loc":{"start":{"line":211,"column":10},"end":{"line":211,"column":13}},"type":"binary-expr","locations":[{"start":{"line":211,"column":10},"end":{"line":211,"column":13}},{"start":{"line":211,"column":17},"end":{"line":211,"column":4}}]},"15":{"loc":{"start":{"line":217,"column":8},"end":{"line":219,"column":9}},"type":"if","locations":[{"start":{"line":217,"column":8},"end":{"line":219,"column":9}},{"start":{"line":217,"column":8},"end":{"line":219,"column":9}}]}},"s":{"0":0,"1":0,"2":0,"3":0,"4":0,"5":0,"6":0,"7":0,"8":0,"9":0,"10":0,"11":0,"12":0,"13":0,"14":0,"15":0,"16":0,"17":0,"18":0,"19":0,"20":0,"21":0,"22":0,"23":0,"24":0,"25":0,"26":0,"27":0,"28":0,"29":0,"30":0,"31":0,"32":0,"33":0,"34":0,"35":0,"36":0,"37":0,"38":0,"39":0,"40":0,"41":0,"42":0,"43":0,"44":0,"45":0,"46":0,"47":0,"48":0,"49":0,"50":0,"51":0,"52":0,"53":0,"54":0,"55":0,"56":0,"57":0,"58":0,"59":0,"60":0,"61":0,"62":0,"63":0,"64":0,"65":0,"66":0,"67":0,"68":0,"69":0,"70":0,"71":0,"72":0,"73":0,"74":0,"75":0,"76":0,"77":0,"78":0,"79":0,"80":0,"81":0,"82":0,"83":0,"84":0,"85":0,"86":0,"87":0,"88":0,"89":0,"90":0,"91":0,"92":0,"93":0,"94":0,"95":0,"96":0,"97":0,"98":0,"99":0,"100":0,"101":0,"102":0,"103":0},"f":{"0":0,"1":0,"2":0,"3":0,"4":0,"5":0,"6":0,"7":0,"8":0,"9":0,"10":0,"11":0,"12":0,"13":0,"14":0,"15":0,"16":0,"17":0,"18":0,"19":0,"20":0},"b":{"0":[0,0],"1":[0,0],"2":[0,0],"3":[0,0],"4":[0,0],"5":[0,0],"6":[0,0],"7":[0,0],"8":[0,0],"9":[0,0],"10":[0,0],"11":[0,0],"12":[0,0],"13":[0,0],"14":[0,0],"15":[0,0]}}
,"/Users/siyao/www/testsystem-mysql-express/src/views/login.vue": {"path":"/Users/siyao/www/testsystem-mysql-express/src/views/login.vue","statementMap":{"0":{"start":{"line":34,"column":0},"end":{"line":null,"column":-1}},"1":{"start":{"line":38,"column":0},"end":{"line":null,"column":-1}},"2":{"start":{"line":51,"column":0},"end":{"line":null,"column":-1}},"3":{"start":{"line":56,"column":0},"end":{"line":null,"column":-1}},"4":{"start":{"line":57,"column":0},"end":{"line":62,"column":0}},"5":{"start":{"line":61,"column":0},"end":{"line":null,"column":-1}},"6":{"start":{"line":68,"column":0},"end":{"line":70,"column":0}},"7":{"start":{"line":69,"column":0},"end":{"line":null,"column":-1}},"8":{"start":{"line":78,"column":0},"end":{"line":null,"column":-1}},"9":{"start":{"line":79,"column":0},"end":{"line":84,"column":0}},"10":{"start":{"line":80,"column":0},"end":{"line":null,"column":-1}},"11":{"start":{"line":82,"column":0},"end":{"line":null,"column":-1}},"12":{"start":{"line":83,"column":0},"end":{"line":null,"column":-1}},"13":{"start":{"line":87,"column":0},"end":{"line":null,"column":-1}},"14":{"start":{"line":88,"column":0},"end":{"line":null,"column":-1}},"15":{"start":{"line":89,"column":0},"end":{"line":null,"column":-1}},"16":{"start":{"line":90,"column":0},"end":{"line":null,"column":-1}},"17":{"start":{"line":91,"column":0},"end":{"line":114,"column":0}},"18":{"start":{"line":92,"column":0},"end":{"line":113,"column":0}},"19":{"start":{"line":100,"column":0},"end":{"line":null,"column":-1}},"20":{"start":{"line":101,"column":0},"end":{"line":112,"column":0}},"21":{"start":{"line":102,"column":0},"end":{"line":null,"column":-1}},"22":{"start":{"line":103,"column":0},"end":{"line":null,"column":-1}},"23":{"start":{"line":107,"column":0},"end":{"line":null,"column":-1}},"24":{"start":{"line":111,"column":0},"end":{"line":null,"column":-1}}},"fnMap":{"0":{"name":"(anonymous_1)","decl":{"start":{"line":57,"column":0},"end":{"line":null,"column":-1}},"loc":{"start":{"line":57,"column":0},"end":{"line":62,"column":0}}},"1":{"name":"(anonymous_2)","decl":{"start":{"line":92,"column":0},"end":{"line":null,"column":-1}},"loc":{"start":{"line":92,"column":0},"end":{"line":113,"column":0}}},"2":{"name":"(anonymous_3)","decl":{"start":{"line":106,"column":0},"end":{"line":null,"column":-1}},"loc":{"start":{"line":106,"column":0},"end":{"line":108,"column":0}}}},"branchMap":{"0":{"loc":{"start":{"line":68,"column":0},"end":{"line":70,"column":0}},"type":"if","locations":[{"start":{"line":68,"column":0},"end":{"line":70,"column":0}},{"start":{"line":68,"column":0},"end":{"line":70,"column":0}}]},"1":{"loc":{"start":{"line":68,"column":0},"end":{"line":null,"column":-1}},"type":"binary-expr","locations":[{"start":{"line":68,"column":0},"end":{"line":null,"column":-1}},{"start":{"line":68,"column":0},"end":{"line":null,"column":-1}},{"start":{"line":68,"column":0},"end":{"line":null,"column":-1}},{"start":{"line":68,"column":0},"end":{"line":null,"column":-1}}]},"2":{"loc":{"start":{"line":79,"column":0},"end":{"line":84,"column":0}},"type":"if","locations":[{"start":{"line":79,"column":0},"end":{"line":84,"column":0}},{"start":{"line":79,"column":0},"end":{"line":84,"column":0}}]},"3":{"loc":{"start":{"line":91,"column":0},"end":{"line":114,"column":0}},"type":"if","locations":[{"start":{"line":91,"column":0},"end":{"line":114,"column":0}},{"start":{"line":91,"column":0},"end":{"line":114,"column":0}}]},"4":{"loc":{"start":{"line":101,"column":0},"end":{"line":112,"column":0}},"type":"if","locations":[{"start":{"line":101,"column":0},"end":{"line":112,"column":0}},{"start":{"line":101,"column":0},"end":{"line":112,"column":0}}]}},"s":{"0":1,"1":1,"2":1,"3":0,"4":0,"5":0,"6":2,"7":0,"8":0,"9":0,"10":0,"11":0,"12":0,"13":0,"14":0,"15":0,"16":0,"17":0,"18":0,"19":0,"20":0,"21":0,"22":0,"23":0,"24":0},"f":{"0":0,"1":0,"2":0},"b":{"0":[0,2],"1":[2,2,2,0],"2":[0,0],"3":[0,0],"4":[0,0]}}
}
