TN:
SF:/Users/siyao/www/testsystem-mysql-express/src/http.js
FN:5,(anonymous_0)
FN:25,(anonymous_1)
FN:31,(anonymous_2)
FN:38,(anonymous_3)
FN:47,(anonymous_4)
FNF:5
FNH:0
FNDA:0,(anonymous_0)
FNDA:0,(anonymous_1)
FNDA:0,(anonymous_2)
FNDA:0,(anonymous_3)
FNDA:0,(anonymous_4)
DA:1,0
DA:2,0
DA:6,0
DA:7,0
DA:8,0
DA:9,0
DA:11,0
DA:12,0
DA:19,0
DA:26,0
DA:27,0
DA:29,0
DA:32,0
DA:37,0
DA:45,0
DA:48,0
LF:16
LH:0
BRDA:6,0,0,0
BRDA:6,0,1,0
BRDA:7,1,0,0
BRDA:7,1,1,0
BRDA:7,2,0,0
BRDA:7,2,1,0
BRDA:26,3,0,0
BRDA:26,3,1,0
BRF:8
BRH:0
end_of_record
TN:
SF:/Users/siyao/www/testsystem-mysql-express/src/httpServer.js
FN:6,(anonymous_0)
FN:26,(anonymous_1)
FN:32,(anonymous_2)
FN:39,(anonymous_3)
FN:48,(anonymous_4)
FN:53,(anonymous_5)
FN:64,(anonymous_6)
FN:66,(anonymous_7)
FN:70,(anonymous_8)
FNF:9
FNH:0
FNDA:0,(anonymous_0)
FNDA:0,(anonymous_1)
FNDA:0,(anonymous_2)
FNDA:0,(anonymous_3)
FNDA:0,(anonymous_4)
FNDA:0,(anonymous_5)
FNDA:0,(anonymous_6)
FNDA:0,(anonymous_7)
FNDA:0,(anonymous_8)
DA:1,0
DA:2,0
DA:7,0
DA:8,0
DA:9,0
DA:10,0
DA:12,0
DA:13,0
DA:20,0
DA:27,0
DA:28,0
DA:30,0
DA:33,0
DA:38,0
DA:40,0
DA:41,0
DA:42,0
DA:43,0
DA:44,0
DA:46,0
DA:49,0
DA:53,0
DA:54,0
DA:58,0
DA:59,0
DA:61,0
DA:64,0
DA:65,0
DA:67,0
DA:71,0
DA:75,0
LF:31
LH:0
BRDA:7,0,0,0
BRDA:7,0,1,0
BRDA:8,1,0,0
BRDA:8,1,1,0
BRDA:8,2,0,0
BRDA:8,2,1,0
BRDA:27,3,0,0
BRDA:27,3,1,0
BRDA:40,4,0,0
BRDA:40,4,1,0
BRDA:43,5,0,0
BRDA:43,5,1,0
BRDA:55,6,0,0
BRDA:55,6,1,0
BRDA:58,7,0,0
BRDA:58,7,1,0
BRF:16
BRH:0
end_of_record
TN:
SF:/Users/siyao/www/testsystem-mysql-express/src/serverApi.js
FN:4,(anonymous_0)
FNF:1
FNH:0
FNDA:0,(anonymous_0)
DA:1,0
DA:4,0
DA:5,0
LF:3
LH:0
BRF:0
BRH:0
end_of_record
TN:
SF:/Users/siyao/www/testsystem-mysql-express/src/assets/zq.js
FN:2,(anonymous_0)
FN:4,(anonymous_1)
FN:12,(anonymous_2)
FN:21,(anonymous_3)
FNF:4
FNH:0
FNDA:0,(anonymous_0)
FNDA:0,(anonymous_1)
FNDA:0,(anonymous_2)
FNDA:0,(anonymous_3)
DA:1,0
DA:2,0
DA:4,0
DA:8,0
DA:10,0
DA:12,0
DA:16,0
DA:17,0
DA:18,0
DA:19,0
DA:21,0
LF:11
LH:0
BRDA:18,0,0,0
BRDA:18,0,1,0
BRF:2
BRH:0
end_of_record
TN:
SF:/Users/siyao/www/testsystem-mysql-express/src/components/answerquestion.vue
FN:120,(anonymous_1)
FNF:1
FNH:0
FNDA:0,(anonymous_1)
DA:103,0
DA:115,0
DA:116,0
DA:117,0
DA:119,0
DA:120,0
DA:121,0
LF:7
LH:0
BRDA:104,0,0,0
BRDA:104,0,1,0
BRDA:116,1,0,0
BRDA:116,1,1,0
BRDA:119,2,0,0
BRDA:119,2,1,0
BRF:6
BRH:0
end_of_record
TN:
SF:/Users/siyao/www/testsystem-mysql-express/src/config/config.js
FNF:0
FNH:0
DA:2,0
DA:4,0
DA:5,0
DA:6,0
DA:7,0
DA:10,0
LF:6
LH:0
BRDA:4,0,0,0
BRDA:4,0,1,0
BRDA:6,1,0,0
BRDA:6,1,1,0
BRF:4
BRH:0
end_of_record
TN:
SF:/Users/siyao/www/testsystem-mysql-express/src/lib/index.js
FN:11,(anonymous_0)
FN:22,(anonymous_1)
FN:30,(anonymous_2)
FN:33,(anonymous_3)
FN:49,(anonymous_4)
FN:55,(anonymous_5)
FN:64,(anonymous_6)
FNF:7
FNH:0
FNDA:0,(anonymous_0)
FNDA:0,(anonymous_1)
FNDA:0,(anonymous_2)
FNDA:0,(anonymous_3)
FNDA:0,(anonymous_4)
FNDA:0,(anonymous_5)
FNDA:0,(anonymous_6)
DA:1,0
DA:2,0
DA:3,0
DA:6,0
DA:7,0
DA:11,0
DA:14,0
DA:16,0
DA:22,0
DA:23,0
DA:24,0
DA:28,0
DA:31,0
DA:35,0
DA:36,0
DA:39,0
DA:40,0
DA:41,0
DA:42,0
DA:43,0
DA:45,0
DA:46,0
DA:47,0
DA:49,0
DA:50,0
DA:52,0
DA:56,0
DA:58,0
DA:60,0
DA:61,0
DA:62,0
DA:63,0
DA:64,0
DA:65,0
DA:66,0
DA:67,0
DA:74,0
DA:75,0
DA:76,0
LF:39
LH:0
BRDA:6,0,0,0
BRDA:6,0,1,0
BRDA:35,1,0,0
BRDA:35,1,1,0
BRDA:43,2,0,0
BRDA:43,2,1,0
BRDA:45,3,0,0
BRDA:45,3,1,0
BRDA:46,4,0,0
BRDA:46,4,1,0
BRDA:47,5,0,0
BRDA:47,5,1,0
BRDA:60,6,0,0
BRDA:60,6,1,0
BRDA:61,7,0,0
BRDA:61,7,1,0
BRDA:66,8,0,0
BRDA:66,8,1,0
BRDA:74,9,0,0
BRDA:74,9,1,0
BRDA:75,10,0,0
BRDA:75,10,1,0
BRF:22
BRH:0
end_of_record
TN:
SF:/Users/siyao/www/testsystem-mysql-express/src/utils/chengxw.js
FN:23,GetQueryString
FN:30,setCookie
FN:36,getCookie
FN:44,delCookie
FN:52,layerOpen
FN:60,layerLoading
FN:67,layerBtn
FN:106,checkTypeAppSystem
FN:115,href
FN:119,iframeHref
FN:123,loginJudge
FN:139,is_weixn
FN:148,back
FN:150,(anonymous_13)
FN:158,goTop
FN:191,sendSMS
FN:212,(anonymous_16)
FN:214,(anonymous_17)
FN:225,(anonymous_18)
FN:251,(anonymous_19)
FN:275,(anonymous_20)
FN:276,(anonymous_21)
FN:280,(anonymous_22)
FNF:23
FNH:0
FNDA:0,GetQueryString
FNDA:0,setCookie
FNDA:0,getCookie
FNDA:0,delCookie
FNDA:0,layerOpen
FNDA:0,layerLoading
FNDA:0,layerBtn
FNDA:0,checkTypeAppSystem
FNDA:0,href
FNDA:0,iframeHref
FNDA:0,loginJudge
FNDA:0,is_weixn
FNDA:0,back
FNDA:0,(anonymous_13)
FNDA:0,goTop
FNDA:0,sendSMS
FNDA:0,(anonymous_16)
FNDA:0,(anonymous_17)
FNDA:0,(anonymous_18)
FNDA:0,(anonymous_19)
FNDA:0,(anonymous_20)
FNDA:0,(anonymous_21)
FNDA:0,(anonymous_22)
DA:24,0
DA:25,0
DA:26,0
DA:27,0
DA:31,0
DA:32,0
DA:33,0
DA:37,0
DA:38,0
DA:39,0
DA:41,0
DA:45,0
DA:46,0
DA:47,0
DA:48,0
DA:49,0
DA:53,0
DA:61,0
DA:68,0
DA:69,0
DA:75,0
DA:76,0
DA:82,0
DA:83,0
DA:89,0
DA:90,0
DA:96,0
DA:97,0
DA:107,0
DA:108,0
DA:109,0
DA:112,0
DA:116,0
DA:120,0
DA:124,0
DA:125,0
DA:126,0
DA:128,0
DA:130,0
DA:131,0
DA:132,0
DA:134,0
DA:140,0
DA:141,0
DA:142,0
DA:144,0
DA:149,0
DA:150,0
DA:151,0
DA:154,0
DA:159,0
DA:160,0
DA:161,0
DA:162,0
DA:163,0
DA:164,0
DA:165,0
DA:166,0
DA:167,0
DA:168,0
DA:169,0
DA:171,0
DA:172,0
DA:173,0
DA:175,0
DA:176,0
DA:178,0
DA:180,0
DA:182,0
DA:183,0
DA:185,0
DA:186,0
DA:187,0
DA:193,0
DA:194,0
DA:195,0
DA:196,0
DA:197,0
DA:198,0
DA:201,0
DA:202,0
DA:203,0
DA:205,0
DA:206,0
DA:208,0
DA:210,0
DA:212,0
DA:213,0
DA:215,0
DA:216,0
DA:217,0
DA:218,0
DA:220,0
DA:222,0
DA:226,0
DA:227,0
DA:228,0
DA:230,0
DA:231,0
DA:239,0
DA:240,0
DA:241,0
DA:242,0
DA:243,0
DA:245,0
DA:247,0
DA:249,0
DA:252,0
DA:253,0
DA:255,0
DA:256,0
DA:258,0
DA:259,0
DA:261,0
DA:262,0
DA:264,0
DA:265,0
DA:267,0
DA:268,0
DA:270,0
DA:273,0
DA:275,0
DA:276,0
DA:277,0
DA:278,0
DA:280,0
DA:281,0
DA:282,0
DA:286,0
LF:129
LH:0
BRDA:26,0,0,0
BRDA:26,0,1,0
BRDA:38,1,0,0
BRDA:38,1,1,0
BRDA:48,2,0,0
BRDA:48,2,1,0
BRDA:68,3,0,0
BRDA:68,3,1,0
BRDA:75,4,0,0
BRDA:75,4,1,0
BRDA:82,5,0,0
BRDA:82,5,1,0
BRDA:89,6,0,0
BRDA:89,6,1,0
BRDA:96,7,0,0
BRDA:96,7,1,0
BRDA:108,8,0,0
BRDA:108,8,1,0
BRDA:124,9,0,0
BRDA:124,9,1,0
BRDA:125,10,0,0
BRDA:125,10,1,0
BRDA:126,11,0,0
BRDA:126,11,1,0
BRDA:130,12,0,0
BRDA:130,12,1,0
BRDA:130,13,0,0
BRDA:130,13,1,0
BRDA:131,14,0,0
BRDA:131,14,1,0
BRDA:132,15,0,0
BRDA:132,15,1,0
BRDA:141,16,0,0
BRDA:141,16,1,0
BRDA:149,17,0,0
BRDA:149,17,1,0
BRDA:151,18,0,0
BRDA:151,18,1,0
BRDA:154,19,0,0
BRDA:154,19,1,0
BRDA:159,20,0,0
BRDA:159,20,1,0
BRDA:160,21,0,0
BRDA:160,21,1,0
BRDA:167,22,0,0
BRDA:167,22,1,0
BRDA:168,23,0,0
BRDA:168,23,1,0
BRDA:169,24,0,0
BRDA:169,24,1,0
BRDA:171,25,0,0
BRDA:171,25,1,0
BRDA:172,26,0,0
BRDA:172,26,1,0
BRDA:173,27,0,0
BRDA:173,27,1,0
BRDA:175,28,0,0
BRDA:175,28,1,0
BRDA:176,29,0,0
BRDA:176,29,1,0
BRDA:185,30,0,0
BRDA:185,30,1,0
BRDA:185,31,0,0
BRDA:185,31,1,0
BRDA:193,32,0,0
BRDA:193,32,1,0
BRDA:201,33,0,0
BRDA:201,33,1,0
BRDA:202,34,0,0
BRDA:202,34,1,0
BRDA:216,35,0,0
BRDA:216,35,1,0
BRDA:217,36,0,0
BRDA:217,36,1,0
BRDA:226,37,0,0
BRDA:226,37,1,0
BRDA:239,38,0,0
BRDA:239,38,1,0
BRDA:241,39,0,0
BRDA:241,39,1,0
BRDA:242,40,0,0
BRDA:242,40,1,0
BRDA:243,41,0,0
BRDA:243,41,1,0
BRDA:245,42,0,0
BRDA:245,42,1,0
BRDA:247,43,0,0
BRDA:247,43,1,0
BRDA:252,44,0,0
BRDA:252,44,1,0
BRDA:255,45,0,0
BRDA:255,45,1,0
BRDA:258,46,0,0
BRDA:258,46,1,0
BRDA:261,47,0,0
BRDA:261,47,1,0
BRDA:264,48,0,0
BRDA:264,48,1,0
BRDA:267,49,0,0
BRDA:267,49,1,0
BRF:100
BRH:0
end_of_record
TN:
SF:/Users/siyao/www/testsystem-mysql-express/src/utils/constants.js
FNF:0
FNH:0
DA:2,0
LF:1
LH:0
BRF:0
BRH:0
end_of_record
TN:
SF:/Users/siyao/www/testsystem-mysql-express/src/utils/des.js
FN:5,(anonymous_0)
FN:13,(anonymous_1)
FNF:2
FNH:0
FNDA:0,(anonymous_0)
FNDA:0,(anonymous_1)
DA:1,0
DA:3,0
DA:5,0
DA:6,0
DA:7,0
DA:8,0
DA:9,0
DA:10,0
DA:13,0
DA:14,0
DA:15,0
DA:16,0
DA:26,0
LF:13
LH:0
BRF:0
BRH:0
end_of_record
TN:
SF:/Users/siyao/www/testsystem-mysql-express/src/utils/store.js
FN:3,(anonymous_0)
FN:8,(anonymous_1)
FN:13,(anonymous_2)
FN:18,(anonymous_3)
FNF:4
FNH:0
FNDA:0,(anonymous_0)
FNDA:0,(anonymous_1)
FNDA:0,(anonymous_2)
FNDA:0,(anonymous_3)
DA:4,0
DA:9,0
DA:14,0
DA:19,0
DA:24,0
DA:29,0
DA:31,0
DA:32,0
DA:33,0
DA:36,0
DA:40,0
LF:11
LH:0
BRDA:31,0,0,0
BRDA:31,0,1,0
BRF:2
BRH:0
end_of_record
TN:
SF:/Users/siyao/www/testsystem-mysql-express/src/utils/utils.js
FN:7,(anonymous_0)
FN:18,(anonymous_1)
FN:26,(anonymous_2)
FN:33,(anonymous_3)
FN:44,(anonymous_4)
FN:52,(anonymous_5)
FN:61,(anonymous_6)
FN:68,(anonymous_7)
FN:79,(anonymous_8)
FN:88,(anonymous_9)
FN:90,(anonymous_10)
FN:100,(anonymous_11)
FN:112,(anonymous_12)
FN:119,(anonymous_13)
FN:129,(anonymous_14)
FN:153,(anonymous_15)
FN:167,(anonymous_16)
FN:182,(anonymous_17)
FN:195,(anonymous_18)
FN:210,(anonymous_19)
FN:224,(anonymous_20)
FNF:21
FNH:0
FNDA:0,(anonymous_0)
FNDA:0,(anonymous_1)
FNDA:0,(anonymous_2)
FNDA:0,(anonymous_3)
FNDA:0,(anonymous_4)
FNDA:0,(anonymous_5)
FNDA:0,(anonymous_6)
FNDA:0,(anonymous_7)
FNDA:0,(anonymous_8)
FNDA:0,(anonymous_9)
FNDA:0,(anonymous_10)
FNDA:0,(anonymous_11)
FNDA:0,(anonymous_12)
FNDA:0,(anonymous_13)
FNDA:0,(anonymous_14)
FNDA:0,(anonymous_15)
FNDA:0,(anonymous_16)
FNDA:0,(anonymous_17)
FNDA:0,(anonymous_18)
FNDA:0,(anonymous_19)
FNDA:0,(anonymous_20)
DA:2,0
DA:7,0
DA:8,0
DA:9,0
DA:10,0
DA:12,0
DA:18,0
DA:19,0
DA:20,0
DA:26,0
DA:27,0
DA:28,0
DA:33,0
DA:34,0
DA:35,0
DA:36,0
DA:38,0
DA:44,0
DA:45,0
DA:46,0
DA:52,0
DA:53,0
DA:54,0
DA:58,0
DA:61,0
DA:62,0
DA:64,0
DA:68,0
DA:69,0
DA:70,0
DA:73,0
DA:75,0
DA:79,0
DA:80,0
DA:82,0
DA:88,0
DA:89,0
DA:90,0
DA:91,0
DA:92,0
DA:93,0
DA:95,0
DA:97,0
DA:100,0
DA:101,0
DA:102,0
DA:104,0
DA:112,0
DA:119,0
DA:129,0
DA:130,0
DA:139,0
DA:140,0
DA:141,0
DA:142,0
DA:143,0
DA:144,0
DA:153,0
DA:154,0
DA:155,0
DA:156,0
DA:157,0
DA:158,0
DA:167,0
DA:168,0
DA:169,0
DA:170,0
DA:171,0
DA:172,0
DA:173,0
DA:182,0
DA:183,0
DA:184,0
DA:185,0
DA:186,0
DA:187,0
DA:188,0
DA:195,0
DA:196,0
DA:197,0
DA:198,0
DA:199,0
DA:200,0
DA:202,0
DA:210,0
DA:211,0
DA:212,0
DA:214,0
DA:215,0
DA:216,0
DA:217,0
DA:218,0
DA:221,0
DA:224,0
DA:226,0
LF:95
LH:0
BRDA:8,0,0,0
BRDA:8,0,1,0
BRDA:9,1,0,0
BRDA:9,1,1,0
BRDA:19,2,0,0
BRDA:19,2,1,0
BRDA:27,3,0,0
BRDA:27,3,1,0
BRDA:34,4,0,0
BRDA:34,4,1,0
BRDA:35,5,0,0
BRDA:35,5,1,0
BRDA:45,6,0,0
BRDA:45,6,1,0
BRDA:53,7,0,0
BRDA:53,7,1,0
BRDA:69,8,0,0
BRDA:69,8,1,0
BRDA:93,9,0,0
BRDA:93,9,1,0
BRDA:101,10,0,0
BRDA:101,10,1,0
BRDA:139,11,0,0
BRDA:139,11,1,0
BRDA:142,12,0,0
BRDA:142,12,1,0
BRDA:143,13,0,0
BRDA:143,13,1,0
BRDA:211,14,0,0
BRDA:211,14,1,0
BRDA:217,15,0,0
BRDA:217,15,1,0
BRF:32
BRH:0
end_of_record
TN:
SF:/Users/siyao/www/testsystem-mysql-express/src/views/login.vue
FN:57,(anonymous_1)
FN:92,(anonymous_2)
FN:106,(anonymous_3)
FNF:3
FNH:0
FNDA:0,(anonymous_1)
FNDA:0,(anonymous_2)
FNDA:0,(anonymous_3)
DA:34,1
DA:38,1
DA:51,1
DA:56,0
DA:57,0
DA:61,0
DA:68,2
DA:69,0
DA:78,0
DA:79,0
DA:80,0
DA:82,0
DA:83,0
DA:87,0
DA:88,0
DA:89,0
DA:90,0
DA:91,0
DA:92,0
DA:100,0
DA:101,0
DA:102,0
DA:103,0
DA:107,0
DA:111,0
LF:25
LH:4
BRDA:68,0,0,0
BRDA:68,0,1,2
BRDA:68,1,0,2
BRDA:68,1,1,2
BRDA:68,1,2,2
BRDA:68,1,3,0
BRDA:79,2,0,0
BRDA:79,2,1,0
BRDA:91,3,0,0
BRDA:91,3,1,0
BRDA:101,4,0,0
BRDA:101,4,1,0
BRF:12
BRH:4
end_of_record
